2020-05-21 15:43:51,548|INFO |uba|[main]|UBA MAIN
2020-05-21 15:43:51,637|DEBUG|uba|[AWT-EventQueue-0]|this is an DEBUG message
2020-05-21 15:43:51,637|INFO |uba|[AWT-EventQueue-0]|this is an INFO message
2020-05-21 15:43:51,637|WARN |uba|[AWT-EventQueue-0]|this is an WARN message
2020-05-21 15:43:51,637|ERROR|uba|[AWT-EventQueue-0]|this is an ERROR message
2020-05-21 15:43:51,637|FATAL|uba|[AWT-EventQueue-0]|this is an FATAL message
2020-05-21 15:45:21,619|INFO |uba|[main]|UBA MAIN
2020-05-21 15:45:21,708|DEBUG|uba|[AWT-EventQueue-0]|this is an DEBUG message
2020-05-21 15:45:21,708|INFO |uba|[AWT-EventQueue-0]|this is an INFO message
2020-05-21 15:45:21,709|WARN |uba|[AWT-EventQueue-0]|this is an WARN message
2020-05-21 15:45:21,709|ERROR|uba|[AWT-EventQueue-0]|this is an ERROR message
2020-05-21 15:45:21,709|FATAL|uba|[AWT-EventQueue-0]|this is an FATAL message
2020-05-21 15:45:41,604|INFO |uba|[main]|UBA MAIN
2020-05-21 15:45:41,693|DEBUG|uba|[AWT-EventQueue-0]|this is an DEBUG message
2020-05-21 15:45:41,694|INFO |uba|[AWT-EventQueue-0]|this is an INFO message
2020-05-21 15:45:41,694|WARN |uba|[AWT-EventQueue-0]|this is an WARN message
2020-05-21 15:45:41,694|ERROR|uba|[AWT-EventQueue-0]|this is an ERROR message
2020-05-21 15:45:41,694|FATAL|uba|[AWT-EventQueue-0]|this is an FATAL message
2020-05-21 15:45:53,701|INFO |uba|[main]|UBA MAIN
2020-05-21 15:45:53,789|DEBUG|uba|[AWT-EventQueue-0]|this is an DEBUG message
2020-05-21 15:45:53,789|INFO |uba|[AWT-EventQueue-0]|this is an INFO message
2020-05-21 15:45:53,789|WARN |uba|[AWT-EventQueue-0]|this is an WARN message
2020-05-21 15:45:53,789|ERROR|uba|[AWT-EventQueue-0]|this is an ERROR message
2020-05-21 15:45:53,789|FATAL|uba|[AWT-EventQueue-0]|this is an FATAL message
2020-05-21 15:46:22,062|INFO |uba|[main]|UBA MAIN
2020-05-21 15:46:22,155|DEBUG|uba|[AWT-EventQueue-0]|this is an DEBUG message
2020-05-21 15:46:22,155|INFO |uba|[AWT-EventQueue-0]|this is an INFO message
2020-05-21 15:46:22,155|WARN |uba|[AWT-EventQueue-0]|this is an WARN message
2020-05-21 15:46:22,155|ERROR|uba|[AWT-EventQueue-0]|this is an ERROR message
2020-05-21 15:46:22,155|FATAL|uba|[AWT-EventQueue-0]|this is an FATAL message
2020-05-21 15:46:35,105|INFO |uba|[main]|UBA MAIN
2020-05-21 15:46:35,198|DEBUG|uba|[AWT-EventQueue-0]|this is an DEBUG message
2020-05-21 15:46:35,198|INFO |uba|[AWT-EventQueue-0]|this is an INFO message
2020-05-21 15:46:35,198|WARN |uba|[AWT-EventQueue-0]|this is an WARN message
2020-05-21 15:46:35,198|ERROR|uba|[AWT-EventQueue-0]|this is an ERROR message
2020-05-21 15:46:35,198|FATAL|uba|[AWT-EventQueue-0]|this is an FATAL message
2020-05-21 15:48:24,265|INFO |uba|[main]|UBA MAIN
2020-05-21 15:48:24,353|DEBUG|uba|[AWT-EventQueue-0]|this is an DEBUG message
2020-05-21 15:48:24,353|INFO |uba|[AWT-EventQueue-0]|this is an INFO message
2020-05-21 15:48:24,353|WARN |uba|[AWT-EventQueue-0]|this is an WARN message
2020-05-21 15:48:24,353|ERROR|uba|[AWT-EventQueue-0]|this is an ERROR message
2020-05-21 15:48:24,353|FATAL|uba|[AWT-EventQueue-0]|this is an FATAL message
2020-05-21 15:56:10,423|INFO |uba|[main]|UBA MAIN
2020-05-21 15:56:10,514|DEBUG|uba|[AWT-EventQueue-0]|this is an DEBUG message
2020-05-21 15:56:10,514|INFO |uba|[AWT-EventQueue-0]|this is an INFO message
2020-05-21 15:56:10,514|WARN |uba|[AWT-EventQueue-0]|this is an WARN message
2020-05-21 15:56:10,514|ERROR|uba|[AWT-EventQueue-0]|this is an ERROR message
2020-05-21 15:56:10,514|FATAL|uba|[AWT-EventQueue-0]|this is an FATAL message
2020-05-21 15:58:22,413|INFO |uba|[main]|UBA MAIN
2020-05-21 15:58:22,508|DEBUG|uba|[AWT-EventQueue-0]|this is an DEBUG message
2020-05-21 15:58:22,508|INFO |uba|[AWT-EventQueue-0]|this is an INFO message
2020-05-21 15:58:22,508|WARN |uba|[AWT-EventQueue-0]|this is an WARN message
2020-05-21 15:58:22,508|ERROR|uba|[AWT-EventQueue-0]|this is an ERROR message
2020-05-21 15:58:22,508|FATAL|uba|[AWT-EventQueue-0]|this is an FATAL message
2020-05-21 16:05:29,164|INFO |uba|[main]|UBA MAIN
2020-05-21 16:05:29,251|DEBUG|uba|[AWT-EventQueue-0]|this is an DEBUG message
2020-05-21 16:05:29,252|INFO |uba|[AWT-EventQueue-0]|this is an INFO message
2020-05-21 16:05:29,252|WARN |uba|[AWT-EventQueue-0]|this is an WARN message
2020-05-21 16:05:29,252|ERROR|uba|[AWT-EventQueue-0]|this is an ERROR message
2020-05-21 16:05:29,252|FATAL|uba|[AWT-EventQueue-0]|this is an FATAL message
2020-05-21 16:06:38,465|INFO |uba|[main]|UBA MAIN
2020-05-21 16:06:38,555|DEBUG|uba|[AWT-EventQueue-0]|this is an DEBUG message
2020-05-21 16:06:38,555|INFO |uba|[AWT-EventQueue-0]|this is an INFO message
2020-05-21 16:06:38,555|WARN |uba|[AWT-EventQueue-0]|this is an WARN message
2020-05-21 16:06:38,555|ERROR|uba|[AWT-EventQueue-0]|this is an ERROR message
2020-05-21 16:06:38,555|FATAL|uba|[AWT-EventQueue-0]|this is an FATAL message
2020-05-21 16:07:45,297|INFO |uba|[main]|UBA MAIN
2020-05-21 16:07:45,387|DEBUG|uba|[AWT-EventQueue-0]|this is an DEBUG message
2020-05-21 16:07:45,387|INFO |uba|[AWT-EventQueue-0]|this is an INFO message
2020-05-21 16:07:45,387|WARN |uba|[AWT-EventQueue-0]|this is an WARN message
2020-05-21 16:07:45,388|ERROR|uba|[AWT-EventQueue-0]|this is an ERROR message
2020-05-21 16:07:45,388|FATAL|uba|[AWT-EventQueue-0]|this is an FATAL message
2020-05-21 16:11:05,277|INFO |uba|[main]|UBA MAIN
2020-05-21 16:11:05,366|DEBUG|uba|[AWT-EventQueue-0]|this is an DEBUG message
2020-05-21 16:11:05,366|INFO |uba|[AWT-EventQueue-0]|this is an INFO message
2020-05-21 16:11:05,366|WARN |uba|[AWT-EventQueue-0]|this is an WARN message
2020-05-21 16:11:05,366|ERROR|uba|[AWT-EventQueue-0]|this is an ERROR message
2020-05-21 16:11:05,366|FATAL|uba|[AWT-EventQueue-0]|this is an FATAL message
2020-05-21 16:12:06,743|INFO |uba|[main]|UBA MAIN
2020-05-21 16:12:06,832|DEBUG|uba|[AWT-EventQueue-0]|this is an DEBUG message
2020-05-21 16:12:06,832|INFO |uba|[AWT-EventQueue-0]|this is an INFO message
2020-05-21 16:12:06,832|WARN |uba|[AWT-EventQueue-0]|this is an WARN message
2020-05-21 16:12:06,832|ERROR|uba|[AWT-EventQueue-0]|this is an ERROR message
2020-05-21 16:12:06,833|FATAL|uba|[AWT-EventQueue-0]|this is an FATAL message
2020-05-21 16:15:59,188|INFO |uba|[main]|UBA MAIN
2020-05-21 16:15:59,284|DEBUG|uba|[AWT-EventQueue-0]|this is an DEBUG message
2020-05-21 16:15:59,284|INFO |uba|[AWT-EventQueue-0]|this is an INFO message
2020-05-21 16:15:59,284|WARN |uba|[AWT-EventQueue-0]|this is an WARN message
2020-05-21 16:15:59,284|ERROR|uba|[AWT-EventQueue-0]|this is an ERROR message
2020-05-21 16:15:59,284|FATAL|uba|[AWT-EventQueue-0]|this is an FATAL message
2020-05-21 16:16:44,376|INFO |uba|[main]|UBA MAIN
2020-05-21 16:16:44,467|DEBUG|uba|[AWT-EventQueue-0]|this is an DEBUG message
2020-05-21 16:16:44,467|INFO |uba|[AWT-EventQueue-0]|this is an INFO message
2020-05-21 16:16:44,467|WARN |uba|[AWT-EventQueue-0]|this is an WARN message
2020-05-21 16:16:44,467|ERROR|uba|[AWT-EventQueue-0]|this is an ERROR message
2020-05-21 16:16:44,467|FATAL|uba|[AWT-EventQueue-0]|this is an FATAL message
2020-05-21 16:18:57,382|INFO |uba|[main]|UBA MAIN
2020-05-21 16:18:57,474|DEBUG|uba|[AWT-EventQueue-0]|this is an DEBUG message
2020-05-21 16:18:57,474|INFO |uba|[AWT-EventQueue-0]|this is an INFO message
2020-05-21 16:18:57,474|WARN |uba|[AWT-EventQueue-0]|this is an WARN message
2020-05-21 16:18:57,474|ERROR|uba|[AWT-EventQueue-0]|this is an ERROR message
2020-05-21 16:18:57,474|FATAL|uba|[AWT-EventQueue-0]|this is an FATAL message
2020-05-21 16:20:11,537|INFO |uba|[main]|UBA MAIN
2020-05-21 16:20:11,632|DEBUG|uba|[AWT-EventQueue-0]|this is an DEBUG message
2020-05-21 16:20:11,632|INFO |uba|[AWT-EventQueue-0]|this is an INFO message
2020-05-21 16:20:11,632|WARN |uba|[AWT-EventQueue-0]|this is an WARN message
2020-05-21 16:20:11,632|ERROR|uba|[AWT-EventQueue-0]|this is an ERROR message
2020-05-21 16:20:11,632|FATAL|uba|[AWT-EventQueue-0]|this is an FATAL message
2020-05-21 16:22:43,364|INFO |uba|[main]|UBA MAIN
2020-05-21 16:22:43,456|DEBUG|uba|[AWT-EventQueue-0]|this is an DEBUG message
2020-05-21 16:22:43,456|INFO |uba|[AWT-EventQueue-0]|this is an INFO message
2020-05-21 16:22:43,456|WARN |uba|[AWT-EventQueue-0]|this is an WARN message
2020-05-21 16:22:43,456|ERROR|uba|[AWT-EventQueue-0]|this is an ERROR message
2020-05-21 16:22:43,457|FATAL|uba|[AWT-EventQueue-0]|this is an FATAL message
2020-05-21 16:24:41,745|INFO |uba|[main]|UBA MAIN
2020-05-21 16:24:41,835|DEBUG|uba|[AWT-EventQueue-0]|this is an DEBUG message
2020-05-21 16:24:41,835|INFO |uba|[AWT-EventQueue-0]|this is an INFO message
2020-05-21 16:24:41,835|WARN |uba|[AWT-EventQueue-0]|this is an WARN message
2020-05-21 16:24:41,835|ERROR|uba|[AWT-EventQueue-0]|this is an ERROR message
2020-05-21 16:24:41,835|FATAL|uba|[AWT-EventQueue-0]|this is an FATAL message
2020-05-21 16:27:31,759|INFO |uba|[main]|UBA MAIN
2020-05-21 16:27:31,849|DEBUG|uba|[AWT-EventQueue-0]|this is an DEBUG message
2020-05-21 16:27:31,849|INFO |uba|[AWT-EventQueue-0]|this is an INFO message
2020-05-21 16:27:31,849|WARN |uba|[AWT-EventQueue-0]|this is an WARN message
2020-05-21 16:27:31,849|ERROR|uba|[AWT-EventQueue-0]|this is an ERROR message
2020-05-21 16:27:31,849|FATAL|uba|[AWT-EventQueue-0]|this is an FATAL message
2020-05-21 16:28:55,841|INFO |uba|[main]|UBA MAIN
2020-05-21 16:28:55,929|DEBUG|uba|[AWT-EventQueue-0]|this is an DEBUG message
2020-05-21 16:28:55,929|INFO |uba|[AWT-EventQueue-0]|this is an INFO message
2020-05-21 16:28:55,929|WARN |uba|[AWT-EventQueue-0]|this is an WARN message
2020-05-21 16:28:55,930|ERROR|uba|[AWT-EventQueue-0]|this is an ERROR message
2020-05-21 16:28:55,930|FATAL|uba|[AWT-EventQueue-0]|this is an FATAL message
2020-05-21 16:29:46,558|INFO |uba|[main]|UBA MAIN
2020-05-21 16:29:46,646|DEBUG|uba|[AWT-EventQueue-0]|this is an DEBUG message
2020-05-21 16:29:46,646|INFO |uba|[AWT-EventQueue-0]|this is an INFO message
2020-05-21 16:29:46,647|WARN |uba|[AWT-EventQueue-0]|this is an WARN message
2020-05-21 16:29:46,647|ERROR|uba|[AWT-EventQueue-0]|this is an ERROR message
2020-05-21 16:29:46,647|FATAL|uba|[AWT-EventQueue-0]|this is an FATAL message
2020-05-21 16:30:32,181|INFO |uba|[main]|UBA MAIN
2020-05-21 16:30:32,275|DEBUG|uba|[AWT-EventQueue-0]|this is an DEBUG message
2020-05-21 16:30:32,275|INFO |uba|[AWT-EventQueue-0]|this is an INFO message
2020-05-21 16:30:32,275|WARN |uba|[AWT-EventQueue-0]|this is an WARN message
2020-05-21 16:30:32,275|ERROR|uba|[AWT-EventQueue-0]|this is an ERROR message
2020-05-21 16:30:32,275|FATAL|uba|[AWT-EventQueue-0]|this is an FATAL message
2020-05-21 16:34:38,567|INFO |uba|[main]|UBA MAIN
2020-05-21 16:34:38,657|DEBUG|uba|[AWT-EventQueue-0]|this is an DEBUG message
2020-05-21 16:34:38,657|INFO |uba|[AWT-EventQueue-0]|this is an INFO message
2020-05-21 16:34:38,657|WARN |uba|[AWT-EventQueue-0]|this is an WARN message
2020-05-21 16:34:38,657|ERROR|uba|[AWT-EventQueue-0]|this is an ERROR message
2020-05-21 16:34:38,658|FATAL|uba|[AWT-EventQueue-0]|this is an FATAL message
2020-05-21 16:36:45,849|INFO |uba|[main]|UBA MAIN
2020-05-21 16:36:45,937|DEBUG|uba|[AWT-EventQueue-0]|this is an DEBUG message
2020-05-21 16:36:45,938|INFO |uba|[AWT-EventQueue-0]|this is an INFO message
2020-05-21 16:36:45,938|WARN |uba|[AWT-EventQueue-0]|this is an WARN message
2020-05-21 16:36:45,938|ERROR|uba|[AWT-EventQueue-0]|this is an ERROR message
2020-05-21 16:36:45,938|FATAL|uba|[AWT-EventQueue-0]|this is an FATAL message
2020-05-21 16:39:48,671|INFO |uba|[main]|UBA MAIN
2020-05-21 16:39:48,758|DEBUG|uba|[AWT-EventQueue-0]|this is an DEBUG message
2020-05-21 16:39:48,758|INFO |uba|[AWT-EventQueue-0]|this is an INFO message
2020-05-21 16:39:48,758|WARN |uba|[AWT-EventQueue-0]|this is an WARN message
2020-05-21 16:39:48,758|ERROR|uba|[AWT-EventQueue-0]|this is an ERROR message
2020-05-21 16:39:48,758|FATAL|uba|[AWT-EventQueue-0]|this is an FATAL message
2020-05-21 16:39:58,189|INFO |p.c.Transactions|[AWT-EventQueue-0]|returning ${JsonOutput.toJson(returnVO)}
2020-05-21 16:48:00,121|INFO |uba|[main]|UBA MAIN
2020-05-21 16:48:00,210|DEBUG|uba|[AWT-EventQueue-0]|this is an DEBUG message
2020-05-21 16:48:00,210|INFO |uba|[AWT-EventQueue-0]|this is an INFO message
2020-05-21 16:48:00,210|WARN |uba|[AWT-EventQueue-0]|this is an WARN message
2020-05-21 16:48:00,210|ERROR|uba|[AWT-EventQueue-0]|this is an ERROR message
2020-05-21 16:48:00,211|FATAL|uba|[AWT-EventQueue-0]|this is an FATAL message
2020-05-21 16:50:24,857|INFO |uba|[main]|UBA MAIN
2020-05-21 16:50:24,947|DEBUG|uba|[AWT-EventQueue-0]|this is an DEBUG message
2020-05-21 16:50:24,947|INFO |uba|[AWT-EventQueue-0]|this is an INFO message
2020-05-21 16:50:24,947|WARN |uba|[AWT-EventQueue-0]|this is an WARN message
2020-05-21 16:50:24,947|ERROR|uba|[AWT-EventQueue-0]|this is an ERROR message
2020-05-21 16:50:24,947|FATAL|uba|[AWT-EventQueue-0]|this is an FATAL message
2020-05-21 16:51:39,809|INFO |uba|[main]|UBA MAIN
2020-05-21 16:51:39,896|DEBUG|uba|[AWT-EventQueue-0]|this is an DEBUG message
2020-05-21 16:51:39,896|INFO |uba|[AWT-EventQueue-0]|this is an INFO message
2020-05-21 16:51:39,897|WARN |uba|[AWT-EventQueue-0]|this is an WARN message
2020-05-21 16:51:39,897|ERROR|uba|[AWT-EventQueue-0]|this is an ERROR message
2020-05-21 16:51:39,897|FATAL|uba|[AWT-EventQueue-0]|this is an FATAL message
2020-05-21 16:53:03,856|INFO |uba|[main]|UBA MAIN
2020-05-21 16:53:03,944|DEBUG|uba|[AWT-EventQueue-0]|this is an DEBUG message
2020-05-21 16:53:03,944|INFO |uba|[AWT-EventQueue-0]|this is an INFO message
2020-05-21 16:53:03,944|WARN |uba|[AWT-EventQueue-0]|this is an WARN message
2020-05-21 16:53:03,944|ERROR|uba|[AWT-EventQueue-0]|this is an ERROR message
2020-05-21 16:53:03,945|FATAL|uba|[AWT-EventQueue-0]|this is an FATAL message
2020-05-21 16:54:06,347|INFO |uba|[main]|UBA MAIN
2020-05-21 16:54:06,449|DEBUG|uba|[AWT-EventQueue-0]|this is an DEBUG message
2020-05-21 16:54:06,449|INFO |uba|[AWT-EventQueue-0]|this is an INFO message
2020-05-21 16:54:06,449|WARN |uba|[AWT-EventQueue-0]|this is an WARN message
2020-05-21 16:54:06,449|ERROR|uba|[AWT-EventQueue-0]|this is an ERROR message
2020-05-21 16:54:06,450|FATAL|uba|[AWT-EventQueue-0]|this is an FATAL message
2020-05-21 16:54:58,766|INFO |uba|[main]|UBA MAIN
2020-05-21 16:54:58,854|DEBUG|uba|[AWT-EventQueue-0]|this is an DEBUG message
2020-05-21 16:54:58,854|INFO |uba|[AWT-EventQueue-0]|this is an INFO message
2020-05-21 16:54:58,854|WARN |uba|[AWT-EventQueue-0]|this is an WARN message
2020-05-21 16:54:58,854|ERROR|uba|[AWT-EventQueue-0]|this is an ERROR message
2020-05-21 16:54:58,855|FATAL|uba|[AWT-EventQueue-0]|this is an FATAL message
2020-05-21 16:56:01,439|INFO |uba|[main]|UBA MAIN
2020-05-21 16:56:01,529|DEBUG|uba|[AWT-EventQueue-0]|this is an DEBUG message
2020-05-21 16:56:01,529|INFO |uba|[AWT-EventQueue-0]|this is an INFO message
2020-05-21 16:56:01,529|WARN |uba|[AWT-EventQueue-0]|this is an WARN message
2020-05-21 16:56:01,529|ERROR|uba|[AWT-EventQueue-0]|this is an ERROR message
2020-05-21 16:56:01,529|FATAL|uba|[AWT-EventQueue-0]|this is an FATAL message
2020-05-21 16:57:44,450|INFO |uba|[main]|UBA MAIN
2020-05-21 16:57:44,541|DEBUG|uba|[AWT-EventQueue-0]|this is an DEBUG message
2020-05-21 16:57:44,541|INFO |uba|[AWT-EventQueue-0]|this is an INFO message
2020-05-21 16:57:44,541|WARN |uba|[AWT-EventQueue-0]|this is an WARN message
2020-05-21 16:57:44,541|ERROR|uba|[AWT-EventQueue-0]|this is an ERROR message
2020-05-21 16:57:44,541|FATAL|uba|[AWT-EventQueue-0]|this is an FATAL message
2020-05-21 16:57:51,728|INFO |p.c.Transactions|[AWT-EventQueue-0]|returning ${JsonOutput.toJson(returnVO)}
2020-05-21 16:58:13,005|INFO |uba|[main]|UBA MAIN
2020-05-21 16:58:13,093|DEBUG|uba|[AWT-EventQueue-0]|this is an DEBUG message
2020-05-21 16:58:13,093|INFO |uba|[AWT-EventQueue-0]|this is an INFO message
2020-05-21 16:58:13,093|WARN |uba|[AWT-EventQueue-0]|this is an WARN message
2020-05-21 16:58:13,093|ERROR|uba|[AWT-EventQueue-0]|this is an ERROR message
2020-05-21 16:58:13,094|FATAL|uba|[AWT-EventQueue-0]|this is an FATAL message
2020-05-21 16:58:48,526|INFO |uba|[main]|UBA MAIN
2020-05-21 16:58:48,613|DEBUG|uba|[AWT-EventQueue-0]|this is an DEBUG message
2020-05-21 16:58:48,613|INFO |uba|[AWT-EventQueue-0]|this is an INFO message
2020-05-21 16:58:48,613|WARN |uba|[AWT-EventQueue-0]|this is an WARN message
2020-05-21 16:58:48,613|ERROR|uba|[AWT-EventQueue-0]|this is an ERROR message
2020-05-21 16:58:48,613|FATAL|uba|[AWT-EventQueue-0]|this is an FATAL message
2020-05-21 17:06:55,668|INFO |uba|[main]|UBA MAIN
2020-05-21 17:06:55,768|DEBUG|uba|[AWT-EventQueue-0]|this is an DEBUG message
2020-05-21 17:06:55,768|INFO |uba|[AWT-EventQueue-0]|this is an INFO message
2020-05-21 17:06:55,768|WARN |uba|[AWT-EventQueue-0]|this is an WARN message
2020-05-21 17:06:55,769|ERROR|uba|[AWT-EventQueue-0]|this is an ERROR message
2020-05-21 17:06:55,769|FATAL|uba|[AWT-EventQueue-0]|this is an FATAL message
2020-05-21 17:08:10,913|INFO |uba|[main]|UBA MAIN
2020-05-21 17:08:11,003|DEBUG|uba|[AWT-EventQueue-0]|this is an DEBUG message
2020-05-21 17:08:11,003|INFO |uba|[AWT-EventQueue-0]|this is an INFO message
2020-05-21 17:08:11,003|WARN |uba|[AWT-EventQueue-0]|this is an WARN message
2020-05-21 17:08:11,003|ERROR|uba|[AWT-EventQueue-0]|this is an ERROR message
2020-05-21 17:08:11,004|FATAL|uba|[AWT-EventQueue-0]|this is an FATAL message
2020-05-21 17:10:00,270|INFO |uba|[main]|UBA MAIN
2020-05-21 17:10:00,360|DEBUG|uba|[AWT-EventQueue-0]|this is an DEBUG message
2020-05-21 17:10:00,361|INFO |uba|[AWT-EventQueue-0]|this is an INFO message
2020-05-21 17:10:00,361|WARN |uba|[AWT-EventQueue-0]|this is an WARN message
2020-05-21 17:10:00,361|ERROR|uba|[AWT-EventQueue-0]|this is an ERROR message
2020-05-21 17:10:00,361|FATAL|uba|[AWT-EventQueue-0]|this is an FATAL message
2020-05-21 17:34:47,556|INFO |uba|[main]|UBA MAIN
2020-05-21 17:34:47,654|DEBUG|uba|[AWT-EventQueue-0]|this is an DEBUG message
2020-05-21 17:34:47,655|INFO |uba|[AWT-EventQueue-0]|this is an INFO message
2020-05-21 17:34:47,655|WARN |uba|[AWT-EventQueue-0]|this is an WARN message
2020-05-21 17:34:47,655|ERROR|uba|[AWT-EventQueue-0]|this is an ERROR message
2020-05-21 17:34:47,655|FATAL|uba|[AWT-EventQueue-0]|this is an FATAL message
2020-05-21 17:52:41,687|INFO |uba|[main]|UBA MAIN
2020-05-21 17:52:41,778|DEBUG|uba|[AWT-EventQueue-0]|this is an DEBUG message
2020-05-21 17:52:41,778|INFO |uba|[AWT-EventQueue-0]|this is an INFO message
2020-05-21 17:52:41,778|WARN |uba|[AWT-EventQueue-0]|this is an WARN message
2020-05-21 17:52:41,778|ERROR|uba|[AWT-EventQueue-0]|this is an ERROR message
2020-05-21 17:52:41,778|FATAL|uba|[AWT-EventQueue-0]|this is an FATAL message
2020-05-21 17:54:07,284|INFO |uba|[main]|UBA MAIN
2020-05-21 17:54:07,374|DEBUG|uba|[AWT-EventQueue-0]|this is an DEBUG message
2020-05-21 17:54:07,374|INFO |uba|[AWT-EventQueue-0]|this is an INFO message
2020-05-21 17:54:07,374|WARN |uba|[AWT-EventQueue-0]|this is an WARN message
2020-05-21 17:54:07,374|ERROR|uba|[AWT-EventQueue-0]|this is an ERROR message
2020-05-21 17:54:07,374|FATAL|uba|[AWT-EventQueue-0]|this is an FATAL message
2020-05-21 17:57:18,000|INFO |uba|[main]|UBA MAIN
2020-05-21 17:57:18,090|DEBUG|uba|[AWT-EventQueue-0]|this is an DEBUG message
2020-05-21 17:57:18,090|INFO |uba|[AWT-EventQueue-0]|this is an INFO message
2020-05-21 17:57:18,090|WARN |uba|[AWT-EventQueue-0]|this is an WARN message
2020-05-21 17:57:18,090|ERROR|uba|[AWT-EventQueue-0]|this is an ERROR message
2020-05-21 17:57:18,090|FATAL|uba|[AWT-EventQueue-0]|this is an FATAL message
2020-05-21 19:27:37,324|INFO |uba|[main]|UBA MAIN
2020-05-21 19:27:37,415|DEBUG|uba|[AWT-EventQueue-0]|this is an DEBUG message
2020-05-21 19:27:37,415|INFO |uba|[AWT-EventQueue-0]|this is an INFO message
2020-05-21 19:27:37,415|WARN |uba|[AWT-EventQueue-0]|this is an WARN message
2020-05-21 19:27:37,415|ERROR|uba|[AWT-EventQueue-0]|this is an ERROR message
2020-05-21 19:27:37,415|FATAL|uba|[AWT-EventQueue-0]|this is an FATAL message
2020-05-21 19:57:34,727|DEBUG|p.c.Ptr|[main]|PTR MAIN
2020-05-21 19:57:38,709|DEBUG|p.c.Ptr|[main]|PTR MAIN
2020-05-21 19:58:17,581|DEBUG|p.c.Ptr|[main]|PTR MAIN
2020-05-21 19:59:47,057|DEBUG|p.c.Ptr|[main]|PTR MAIN
2020-05-21 20:02:13,314|DEBUG|p.c.Ptr|[main]|PTR MAIN
2020-05-21 20:11:29,096|DEBUG|p.c.Ptr|[main]|PTR MAIN
2020-05-21 20:18:30,502|DEBUG|p.c.Ptr|[main]|PTR MAIN
2020-05-21 20:40:38,244|DEBUG|p.c.Ptr|[main]|PTR MAIN
2020-05-21 20:40:50,942|DEBUG|p.c.Ptr|[main]|PTR MAIN
2020-05-21 20:41:05,437|DEBUG|p.c.Ptr|[main]|PTR MAIN
2020-05-21 20:45:45,447|DEBUG|p.c.Ptr|[main]|PTR MAIN
2020-05-21 20:58:31,117|DEBUG|p.c.Ptr|[main]|PTR MAIN
2020-05-21 20:59:27,116|DEBUG|p.c.Ptr|[main]|PTR MAIN
2020-05-21 21:00:05,820|DEBUG|p.c.Ptr|[main]|PTR MAIN
2020-05-21 21:00:18,058|DEBUG|p.c.Ptr|[main]|PTR MAIN
2020-05-21 21:01:24,097|DEBUG|p.c.Ptr|[main]|PTR MAIN
2020-05-21 21:03:31,125|DEBUG|p.c.Ptr|[main]|PTR MAIN
2020-05-21 21:04:16,616|DEBUG|p.c.Ptr|[main]|PTR MAIN
2020-05-21 21:05:56,948|DEBUG|p.c.Ptr|[main]|PTR MAIN
2020-05-21 21:06:32,912|DEBUG|p.c.Ptr|[main]|PTR MAIN
2020-05-21 21:08:39,725|DEBUG|p.c.Ptr|[main]|PTR MAIN
2020-05-21 21:10:00,109|DEBUG|p.c.Ptr|[main]|PTR MAIN
2020-05-21 21:18:17,597|DEBUG|p.c.Ptr|[main]|PTR MAIN
2020-05-21 21:19:19,621|DEBUG|p.c.Ptr|[main]|PTR MAIN
2020-05-21 21:20:17,634|DEBUG|p.c.Ptr|[main]|PTR MAIN
2020-05-21 21:20:57,337|DEBUG|p.c.Ptr|[main]|PTR MAIN
2020-05-21 21:22:29,703|DEBUG|p.c.Ptr|[main]|PTR MAIN
2020-05-21 21:23:22,450|DEBUG|p.c.Ptr|[main]|PTR MAIN
2020-05-21 21:23:35,189|DEBUG|p.c.Ptr|[main]|PTR MAIN
2020-05-21 21:24:01,041|DEBUG|p.c.Ptr|[main]|PTR MAIN
2020-05-21 21:24:33,437|DEBUG|p.c.Ptr|[main]|PTR MAIN
2020-05-21 21:25:00,298|DEBUG|p.c.Ptr|[main]|PTR MAIN
2020-05-21 21:25:28,391|DEBUG|p.c.Ptr|[main]|PTR MAIN
2020-05-21 21:25:45,771|DEBUG|p.c.Ptr|[main]|PTR MAIN
2020-05-21 21:26:30,676|DEBUG|p.c.Ptr|[main]|PTR MAIN
2020-05-21 21:26:34,099|DEBUG|p.c.Ptr|[main]|PTR MAIN
2020-05-21 21:26:56,872|DEBUG|p.c.Ptr|[main]|PTR MAIN
2020-05-21 21:27:13,792|DEBUG|p.c.Ptr|[main]|PTR MAIN
2020-05-21 21:27:43,703|DEBUG|p.c.Ptr|[main]|PTR MAIN
2020-05-21 21:28:08,287|DEBUG|p.c.Ptr|[main]|PTR MAIN
2020-05-21 21:28:52,215|DEBUG|p.c.Ptr|[main]|PTR MAIN
2020-05-21 21:43:24,384|INFO |uba|[main]|UBA MAIN
2020-05-21 21:43:24,500|DEBUG|uba|[AWT-EventQueue-0]|this is an DEBUG message
2020-05-21 21:43:24,500|INFO |uba|[AWT-EventQueue-0]|this is an INFO message
2020-05-21 21:43:24,500|WARN |uba|[AWT-EventQueue-0]|this is an WARN message
2020-05-21 21:43:24,500|ERROR|uba|[AWT-EventQueue-0]|this is an ERROR message
2020-05-21 21:43:24,500|FATAL|uba|[AWT-EventQueue-0]|this is an FATAL message
2020-05-21 21:43:33,888|INFO |uba|[main]|UBA MAIN
2020-05-21 21:43:33,981|DEBUG|uba|[AWT-EventQueue-0]|this is an DEBUG message
2020-05-21 21:43:33,981|INFO |uba|[AWT-EventQueue-0]|this is an INFO message
2020-05-21 21:43:33,981|WARN |uba|[AWT-EventQueue-0]|this is an WARN message
2020-05-21 21:43:33,982|ERROR|uba|[AWT-EventQueue-0]|this is an ERROR message
2020-05-21 21:43:33,982|FATAL|uba|[AWT-EventQueue-0]|this is an FATAL message
2020-05-21 22:21:07,255|DEBUG|p.c.Ptr|[main]|PTR MAIN
2020-05-21 22:26:46,425|INFO |uba|[main]|UBA MAIN
2020-05-21 22:26:46,517|DEBUG|uba|[AWT-EventQueue-0]|this is an DEBUG message
2020-05-21 22:26:46,517|INFO |uba|[AWT-EventQueue-0]|this is an INFO message
2020-05-21 22:26:46,517|WARN |uba|[AWT-EventQueue-0]|this is an WARN message
2020-05-21 22:26:46,517|ERROR|uba|[AWT-EventQueue-0]|this is an ERROR message
2020-05-21 22:26:46,517|FATAL|uba|[AWT-EventQueue-0]|this is an FATAL message
2020-05-21 22:27:52,703|DEBUG|p.c.Ptr|[AWT-EventQueue-0]|Prt.printDeposit
2020-05-21 22:31:32,985|INFO |uba|[main]|UBA MAIN
2020-05-21 22:31:33,077|DEBUG|uba|[AWT-EventQueue-0]|this is an DEBUG message
2020-05-21 22:31:33,077|INFO |uba|[AWT-EventQueue-0]|this is an INFO message
2020-05-21 22:31:33,077|WARN |uba|[AWT-EventQueue-0]|this is an WARN message
2020-05-21 22:31:33,078|ERROR|uba|[AWT-EventQueue-0]|this is an ERROR message
2020-05-21 22:31:33,078|FATAL|uba|[AWT-EventQueue-0]|this is an FATAL message
2020-05-21 22:32:33,317|INFO |uba|[main]|UBA MAIN
2020-05-21 22:32:33,408|DEBUG|uba|[AWT-EventQueue-0]|this is an DEBUG message
2020-05-21 22:32:33,408|INFO |uba|[AWT-EventQueue-0]|this is an INFO message
2020-05-21 22:32:33,408|WARN |uba|[AWT-EventQueue-0]|this is an WARN message
2020-05-21 22:32:33,409|ERROR|uba|[AWT-EventQueue-0]|this is an ERROR message
2020-05-21 22:32:33,409|FATAL|uba|[AWT-EventQueue-0]|this is an FATAL message
2020-05-21 22:34:07,690|INFO |uba|[main]|UBA MAIN
2020-05-21 22:34:07,792|DEBUG|uba|[AWT-EventQueue-0]|this is an DEBUG message
2020-05-21 22:34:07,792|INFO |uba|[AWT-EventQueue-0]|this is an INFO message
2020-05-21 22:34:07,792|WARN |uba|[AWT-EventQueue-0]|this is an WARN message
2020-05-21 22:34:07,792|ERROR|uba|[AWT-EventQueue-0]|this is an ERROR message
2020-05-21 22:34:07,792|FATAL|uba|[AWT-EventQueue-0]|this is an FATAL message
2020-05-21 22:35:13,421|INFO |uba|[main]|UBA MAIN
2020-05-21 22:35:13,510|DEBUG|uba|[AWT-EventQueue-0]|this is an DEBUG message
2020-05-21 22:35:13,511|INFO |uba|[AWT-EventQueue-0]|this is an INFO message
2020-05-21 22:35:13,511|WARN |uba|[AWT-EventQueue-0]|this is an WARN message
2020-05-21 22:35:13,511|ERROR|uba|[AWT-EventQueue-0]|this is an ERROR message
2020-05-21 22:35:13,511|FATAL|uba|[AWT-EventQueue-0]|this is an FATAL message
2020-05-21 22:35:54,488|INFO |uba|[main]|UBA MAIN
2020-05-21 22:35:54,580|DEBUG|uba|[AWT-EventQueue-0]|this is an DEBUG message
2020-05-21 22:35:54,580|INFO |uba|[AWT-EventQueue-0]|this is an INFO message
2020-05-21 22:35:54,580|WARN |uba|[AWT-EventQueue-0]|this is an WARN message
2020-05-21 22:35:54,580|ERROR|uba|[AWT-EventQueue-0]|this is an ERROR message
2020-05-21 22:35:54,580|FATAL|uba|[AWT-EventQueue-0]|this is an FATAL message
2020-05-21 22:38:54,469|INFO |uba|[main]|UBA MAIN
2020-05-21 22:38:54,559|DEBUG|uba|[AWT-EventQueue-0]|this is an DEBUG message
2020-05-21 22:38:54,559|INFO |uba|[AWT-EventQueue-0]|this is an INFO message
2020-05-21 22:38:54,559|WARN |uba|[AWT-EventQueue-0]|this is an WARN message
2020-05-21 22:38:54,559|ERROR|uba|[AWT-EventQueue-0]|this is an ERROR message
2020-05-21 22:38:54,559|FATAL|uba|[AWT-EventQueue-0]|this is an FATAL message
2020-05-21 22:42:37,871|INFO |uba|[main]|UBA MAIN
2020-05-21 22:42:37,960|DEBUG|uba|[AWT-EventQueue-0]|this is an DEBUG message
2020-05-21 22:42:37,960|INFO |uba|[AWT-EventQueue-0]|this is an INFO message
2020-05-21 22:42:37,961|WARN |uba|[AWT-EventQueue-0]|this is an WARN message
2020-05-21 22:42:37,961|ERROR|uba|[AWT-EventQueue-0]|this is an ERROR message
2020-05-21 22:42:37,961|FATAL|uba|[AWT-EventQueue-0]|this is an FATAL message
2020-05-21 22:46:26,129|INFO |uba|[main]|UBA MAIN
2020-05-21 22:46:26,221|DEBUG|uba|[AWT-EventQueue-0]|this is an DEBUG message
2020-05-21 22:46:26,222|INFO |uba|[AWT-EventQueue-0]|this is an INFO message
2020-05-21 22:46:26,222|WARN |uba|[AWT-EventQueue-0]|this is an WARN message
2020-05-21 22:46:26,222|ERROR|uba|[AWT-EventQueue-0]|this is an ERROR message
2020-05-21 22:46:26,222|FATAL|uba|[AWT-EventQueue-0]|this is an FATAL message
2020-05-21 22:49:23,716|INFO |uba|[main]|UBA MAIN
2020-05-21 22:49:23,808|DEBUG|uba|[AWT-EventQueue-0]|this is an DEBUG message
2020-05-21 22:49:23,809|INFO |uba|[AWT-EventQueue-0]|this is an INFO message
2020-05-21 22:49:23,809|WARN |uba|[AWT-EventQueue-0]|this is an WARN message
2020-05-21 22:49:23,809|ERROR|uba|[AWT-EventQueue-0]|this is an ERROR message
2020-05-21 22:49:23,809|FATAL|uba|[AWT-EventQueue-0]|this is an FATAL message
2020-05-21 22:52:26,211|INFO |uba|[main]|UBA MAIN
2020-05-21 22:52:26,305|DEBUG|uba|[AWT-EventQueue-0]|this is an DEBUG message
2020-05-21 22:52:26,305|INFO |uba|[AWT-EventQueue-0]|this is an INFO message
2020-05-21 22:52:26,305|WARN |uba|[AWT-EventQueue-0]|this is an WARN message
2020-05-21 22:52:26,305|ERROR|uba|[AWT-EventQueue-0]|this is an ERROR message
2020-05-21 22:52:26,305|FATAL|uba|[AWT-EventQueue-0]|this is an FATAL message
2020-05-21 22:53:40,312|INFO |uba|[main]|UBA MAIN
2020-05-21 22:53:40,404|DEBUG|uba|[AWT-EventQueue-0]|this is an DEBUG message
2020-05-21 22:53:40,404|INFO |uba|[AWT-EventQueue-0]|this is an INFO message
2020-05-21 22:53:40,404|WARN |uba|[AWT-EventQueue-0]|this is an WARN message
2020-05-21 22:53:40,404|ERROR|uba|[AWT-EventQueue-0]|this is an ERROR message
2020-05-21 22:53:40,404|FATAL|uba|[AWT-EventQueue-0]|this is an FATAL message
2020-05-21 22:55:23,566|INFO |uba|[main]|UBA MAIN
2020-05-21 22:55:23,656|DEBUG|uba|[AWT-EventQueue-0]|this is an DEBUG message
2020-05-21 22:55:23,656|INFO |uba|[AWT-EventQueue-0]|this is an INFO message
2020-05-21 22:55:23,656|WARN |uba|[AWT-EventQueue-0]|this is an WARN message
2020-05-21 22:55:23,656|ERROR|uba|[AWT-EventQueue-0]|this is an ERROR message
2020-05-21 22:55:23,657|FATAL|uba|[AWT-EventQueue-0]|this is an FATAL message
2020-05-21 22:58:18,842|INFO |uba|[main]|UBA MAIN
2020-05-21 22:58:18,934|DEBUG|uba|[AWT-EventQueue-0]|this is an DEBUG message
2020-05-21 22:58:18,934|INFO |uba|[AWT-EventQueue-0]|this is an INFO message
2020-05-21 22:58:18,934|WARN |uba|[AWT-EventQueue-0]|this is an WARN message
2020-05-21 22:58:18,934|ERROR|uba|[AWT-EventQueue-0]|this is an ERROR message
2020-05-21 22:58:18,934|FATAL|uba|[AWT-EventQueue-0]|this is an FATAL message
2020-05-21 23:03:16,474|INFO |uba|[main]|UBA MAIN
2020-05-21 23:03:16,574|DEBUG|uba|[AWT-EventQueue-0]|this is an DEBUG message
2020-05-21 23:03:16,575|INFO |uba|[AWT-EventQueue-0]|this is an INFO message
2020-05-21 23:03:16,575|WARN |uba|[AWT-EventQueue-0]|this is an WARN message
2020-05-21 23:03:16,575|ERROR|uba|[AWT-EventQueue-0]|this is an ERROR message
2020-05-21 23:03:16,575|FATAL|uba|[AWT-EventQueue-0]|this is an FATAL message
2020-05-21 23:08:23,906|INFO |uba|[main]|UBA MAIN
2020-05-21 23:08:23,996|DEBUG|uba|[AWT-EventQueue-0]|this is an DEBUG message
2020-05-21 23:08:23,996|INFO |uba|[AWT-EventQueue-0]|this is an INFO message
2020-05-21 23:08:23,996|WARN |uba|[AWT-EventQueue-0]|this is an WARN message
2020-05-21 23:08:23,997|ERROR|uba|[AWT-EventQueue-0]|this is an ERROR message
2020-05-21 23:08:23,997|FATAL|uba|[AWT-EventQueue-0]|this is an FATAL message
2020-05-21 23:08:57,486|INFO |uba|[main]|UBA MAIN
2020-05-21 23:08:57,574|DEBUG|uba|[AWT-EventQueue-0]|this is an DEBUG message
2020-05-21 23:08:57,575|INFO |uba|[AWT-EventQueue-0]|this is an INFO message
2020-05-21 23:08:57,575|WARN |uba|[AWT-EventQueue-0]|this is an WARN message
2020-05-21 23:08:57,575|ERROR|uba|[AWT-EventQueue-0]|this is an ERROR message
2020-05-21 23:08:57,575|FATAL|uba|[AWT-EventQueue-0]|this is an FATAL message
2020-05-21 23:09:06,051|INFO |p.c.Transactions|[AWT-EventQueue-0]|returning ${JsonOutput.toJson(returnVO)}
2020-05-21 23:10:36,998|DEBUG|p.c.Ptr|[AWT-EventQueue-0]|Prt.printDeposit
2020-05-21 23:12:18,871|INFO |p.c.Transactions|[AWT-EventQueue-0]|returning ${JsonOutput.toJson(returnVO)}
2020-05-21 23:17:00,687|INFO |uba|[main]|UBA MAIN
2020-05-21 23:17:00,778|DEBUG|uba|[AWT-EventQueue-0]|this is an DEBUG message
2020-05-21 23:17:00,778|INFO |uba|[AWT-EventQueue-0]|this is an INFO message
2020-05-21 23:17:00,778|WARN |uba|[AWT-EventQueue-0]|this is an WARN message
2020-05-21 23:17:00,778|ERROR|uba|[AWT-EventQueue-0]|this is an ERROR message
2020-05-21 23:17:00,778|FATAL|uba|[AWT-EventQueue-0]|this is an FATAL message
2020-05-21 23:17:10,475|INFO |p.c.Transactions|[AWT-EventQueue-0]|returning ${JsonOutput.toJson(returnVO)}
2020-05-21 23:17:27,702|INFO |p.c.Transactions|[AWT-EventQueue-0]|returning ${JsonOutput.toJson(returnVO)}
2020-05-21 23:21:57,482|INFO |uba|[main]|UBA MAIN
2020-05-21 23:21:57,573|DEBUG|uba|[AWT-EventQueue-0]|this is an DEBUG message
2020-05-21 23:21:57,573|INFO |uba|[AWT-EventQueue-0]|this is an INFO message
2020-05-21 23:21:57,574|WARN |uba|[AWT-EventQueue-0]|this is an WARN message
2020-05-21 23:21:57,574|ERROR|uba|[AWT-EventQueue-0]|this is an ERROR message
2020-05-21 23:21:57,574|FATAL|uba|[AWT-EventQueue-0]|this is an FATAL message
2020-05-21 23:22:05,623|INFO |p.c.Transactions|[AWT-EventQueue-0]|returning ${JsonOutput.toJson(returnVO)}
2020-05-21 23:22:13,923|INFO |p.c.Transactions|[AWT-EventQueue-0]|returning ${JsonOutput.toJson(returnVO)}
2020-05-21 23:25:12,727|INFO |uba|[main]|UBA MAIN
2020-05-21 23:25:12,818|DEBUG|uba|[AWT-EventQueue-0]|this is an DEBUG message
2020-05-21 23:25:12,819|INFO |uba|[AWT-EventQueue-0]|this is an INFO message
2020-05-21 23:25:12,819|WARN |uba|[AWT-EventQueue-0]|this is an WARN message
2020-05-21 23:25:12,819|ERROR|uba|[AWT-EventQueue-0]|this is an ERROR message
2020-05-21 23:25:12,819|FATAL|uba|[AWT-EventQueue-0]|this is an FATAL message
2020-05-21 23:25:20,257|INFO |p.c.Transactions|[AWT-EventQueue-0]|returning ${JsonOutput.toJson(returnVO)}
2020-05-21 23:25:26,405|INFO |p.c.Transactions|[AWT-EventQueue-0]|returning ${JsonOutput.toJson(returnVO)}
2020-05-22 17:06:26,448|DEBUG|p.c.Ptr|[main]|PTR MAIN
2020-05-22 17:07:03,397|DEBUG|p.c.Ptr|[main]|PTR MAIN
2020-05-22 17:07:59,238|DEBUG|p.c.Ptr|[main]|PTR MAIN
2020-05-22 17:10:02,118|DEBUG|p.c.Ptr|[main]|PTR MAIN
2020-05-22 17:10:13,235|DEBUG|p.c.Ptr|[main]|PTR MAIN
2020-05-22 17:10:29,454|DEBUG|p.c.Ptr|[main]|PTR MAIN
2020-05-22 17:11:22,781|DEBUG|p.c.Ptr|[main]|PTR MAIN
2020-05-22 17:40:04,135|DEBUG|p.c.Ptr|[main]|PTR MAIN
2020-05-25 18:22:47,320|INFO |uba|[main]|UBA MAIN
2020-05-25 18:22:47,458|DEBUG|uba|[AWT-EventQueue-0]|this is an DEBUG message
2020-05-25 18:22:47,458|INFO |uba|[AWT-EventQueue-0]|this is an INFO message
2020-05-25 18:22:47,459|WARN |uba|[AWT-EventQueue-0]|this is an WARN message
2020-05-25 18:22:47,459|ERROR|uba|[AWT-EventQueue-0]|this is an ERROR message
2020-05-25 18:22:47,459|FATAL|uba|[AWT-EventQueue-0]|this is an FATAL message
2020-05-25 18:25:03,372|INFO |uba|[main]|UBA MAIN
2020-05-25 18:25:03,460|DEBUG|uba|[AWT-EventQueue-0]|this is an DEBUG message
2020-05-25 18:25:03,461|INFO |uba|[AWT-EventQueue-0]|this is an INFO message
2020-05-25 18:25:03,461|WARN |uba|[AWT-EventQueue-0]|this is an WARN message
2020-05-25 18:25:03,461|ERROR|uba|[AWT-EventQueue-0]|this is an ERROR message
2020-05-25 18:25:03,461|FATAL|uba|[AWT-EventQueue-0]|this is an FATAL message
2020-05-25 18:27:23,910|INFO |uba|[main]|UBA MAIN
2020-05-25 18:27:23,999|DEBUG|uba|[AWT-EventQueue-0]|this is an DEBUG message
2020-05-25 18:27:24,000|INFO |uba|[AWT-EventQueue-0]|this is an INFO message
2020-05-25 18:27:24,000|WARN |uba|[AWT-EventQueue-0]|this is an WARN message
2020-05-25 18:27:24,000|ERROR|uba|[AWT-EventQueue-0]|this is an ERROR message
2020-05-25 18:27:24,000|FATAL|uba|[AWT-EventQueue-0]|this is an FATAL message
2020-05-25 18:30:04,578|INFO |uba|[main]|UBA MAIN
2020-05-25 18:30:04,669|DEBUG|uba|[AWT-EventQueue-0]|this is an DEBUG message
2020-05-25 18:30:04,669|INFO |uba|[AWT-EventQueue-0]|this is an INFO message
2020-05-25 18:30:04,669|WARN |uba|[AWT-EventQueue-0]|this is an WARN message
2020-05-25 18:30:04,669|ERROR|uba|[AWT-EventQueue-0]|this is an ERROR message
2020-05-25 18:30:04,669|FATAL|uba|[AWT-EventQueue-0]|this is an FATAL message
2020-05-25 19:35:11,684|DEBUG|p.c.Ptr|[AWT-EventQueue-0]|Prt.printDeposit
2020-05-26 15:35:16,623|INFO |p.f.uba|[main]|UBA MAIN
2020-05-26 15:35:16,754|DEBUG|p.f.uba|[AWT-EventQueue-0]|this is an DEBUG message
2020-05-26 15:35:16,755|INFO |p.f.uba|[AWT-EventQueue-0]|this is an INFO message
2020-05-26 15:35:16,755|WARN |p.f.uba|[AWT-EventQueue-0]|this is an WARN message
2020-05-26 15:35:16,755|ERROR|p.f.uba|[AWT-EventQueue-0]|this is an ERROR message
2020-05-26 15:35:16,755|FATAL|p.f.uba|[AWT-EventQueue-0]|this is an FATAL message
2020-05-26 15:38:58,410|INFO |p.f.uba|[main]|UBA MAIN
2020-05-26 15:38:58,502|DEBUG|p.f.uba|[AWT-EventQueue-0]|this is an DEBUG message
2020-05-26 15:38:58,502|INFO |p.f.uba|[AWT-EventQueue-0]|this is an INFO message
2020-05-26 15:38:58,502|WARN |p.f.uba|[AWT-EventQueue-0]|this is an WARN message
2020-05-26 15:38:58,502|ERROR|p.f.uba|[AWT-EventQueue-0]|this is an ERROR message
2020-05-26 15:38:58,502|FATAL|p.f.uba|[AWT-EventQueue-0]|this is an FATAL message
2020-05-26 15:39:55,950|INFO |p.f.uba|[main]|UBA MAIN
2020-05-26 15:39:56,040|DEBUG|p.f.uba|[AWT-EventQueue-0]|this is an DEBUG message
2020-05-26 15:39:56,041|INFO |p.f.uba|[AWT-EventQueue-0]|this is an INFO message
2020-05-26 15:39:56,041|WARN |p.f.uba|[AWT-EventQueue-0]|this is an WARN message
2020-05-26 15:39:56,041|ERROR|p.f.uba|[AWT-EventQueue-0]|this is an ERROR message
2020-05-26 15:39:56,041|FATAL|p.f.uba|[AWT-EventQueue-0]|this is an FATAL message
2020-05-26 15:43:54,957|INFO |p.f.uba|[main]|UBA MAIN
2020-05-26 15:43:55,051|DEBUG|p.f.uba|[AWT-EventQueue-0]|this is an DEBUG message
2020-05-26 15:43:55,051|INFO |p.f.uba|[AWT-EventQueue-0]|this is an INFO message
2020-05-26 15:43:55,051|WARN |p.f.uba|[AWT-EventQueue-0]|this is an WARN message
2020-05-26 15:43:55,051|ERROR|p.f.uba|[AWT-EventQueue-0]|this is an ERROR message
2020-05-26 15:43:55,051|FATAL|p.f.uba|[AWT-EventQueue-0]|this is an FATAL message
2020-05-26 15:44:09,692|INFO |p.c.Transactions|[AWT-EventQueue-0]|returning ${JsonOutput.toJson(returnVO)}
2020-05-26 15:46:45,104|INFO |p.f.uba|[main]|UBA MAIN
2020-05-26 15:46:45,205|DEBUG|p.f.uba|[AWT-EventQueue-0]|this is an DEBUG message
2020-05-26 15:46:45,205|INFO |p.f.uba|[AWT-EventQueue-0]|this is an INFO message
2020-05-26 15:46:45,206|WARN |p.f.uba|[AWT-EventQueue-0]|this is an WARN message
2020-05-26 15:46:45,206|ERROR|p.f.uba|[AWT-EventQueue-0]|this is an ERROR message
2020-05-26 15:46:45,206|FATAL|p.f.uba|[AWT-EventQueue-0]|this is an FATAL message
2020-05-26 15:46:54,777|INFO |p.c.Transactions|[AWT-EventQueue-0]|returning ${JsonOutput.toJson(returnVO)}
2020-05-26 15:51:17,107|INFO |p.f.uba|[main]|UBA MAIN
2020-05-26 15:51:17,198|DEBUG|p.f.uba|[AWT-EventQueue-0]|this is an DEBUG message
2020-05-26 15:51:17,198|INFO |p.f.uba|[AWT-EventQueue-0]|this is an INFO message
2020-05-26 15:51:17,198|WARN |p.f.uba|[AWT-EventQueue-0]|this is an WARN message
2020-05-26 15:51:17,198|ERROR|p.f.uba|[AWT-EventQueue-0]|this is an ERROR message
2020-05-26 15:51:17,198|FATAL|p.f.uba|[AWT-EventQueue-0]|this is an FATAL message
2020-05-26 15:51:26,667|INFO |p.c.Transactions|[AWT-EventQueue-0]|returning ${JsonOutput.toJson(returnVO)}
2020-05-26 15:51:56,152|INFO |p.f.uba|[main]|UBA MAIN
2020-05-26 15:51:56,251|DEBUG|p.f.uba|[AWT-EventQueue-0]|this is an DEBUG message
2020-05-26 15:51:56,251|INFO |p.f.uba|[AWT-EventQueue-0]|this is an INFO message
2020-05-26 15:51:56,251|WARN |p.f.uba|[AWT-EventQueue-0]|this is an WARN message
2020-05-26 15:51:56,251|ERROR|p.f.uba|[AWT-EventQueue-0]|this is an ERROR message
2020-05-26 15:51:56,251|FATAL|p.f.uba|[AWT-EventQueue-0]|this is an FATAL message
2020-05-26 15:52:05,658|INFO |p.c.Transactions|[AWT-EventQueue-0]|returning ${JsonOutput.toJson(returnVO)}
2020-05-26 15:54:05,474|INFO |p.f.uba|[main]|UBA MAIN
2020-05-26 15:54:05,565|DEBUG|p.f.uba|[AWT-EventQueue-0]|this is an DEBUG message
2020-05-26 15:54:05,565|INFO |p.f.uba|[AWT-EventQueue-0]|this is an INFO message
2020-05-26 15:54:05,565|WARN |p.f.uba|[AWT-EventQueue-0]|this is an WARN message
2020-05-26 15:54:05,565|ERROR|p.f.uba|[AWT-EventQueue-0]|this is an ERROR message
2020-05-26 15:54:05,565|FATAL|p.f.uba|[AWT-EventQueue-0]|this is an FATAL message
2020-05-26 15:54:15,213|INFO |p.c.Transactions|[AWT-EventQueue-0]|returning ${JsonOutput.toJson(returnVO)}
2020-05-26 15:55:41,379|INFO |p.f.uba|[main]|UBA MAIN
2020-05-26 15:55:41,495|DEBUG|p.f.uba|[AWT-EventQueue-0]|this is an DEBUG message
2020-05-26 15:55:41,495|INFO |p.f.uba|[AWT-EventQueue-0]|this is an INFO message
2020-05-26 15:55:41,495|WARN |p.f.uba|[AWT-EventQueue-0]|this is an WARN message
2020-05-26 15:55:41,495|ERROR|p.f.uba|[AWT-EventQueue-0]|this is an ERROR message
2020-05-26 15:55:41,496|FATAL|p.f.uba|[AWT-EventQueue-0]|this is an FATAL message
2020-05-26 15:55:53,418|INFO |p.c.Transactions|[AWT-EventQueue-0]|returning ${JsonOutput.toJson(returnVO)}
2020-05-26 15:56:45,811|INFO |p.f.uba|[main]|UBA MAIN
2020-05-26 15:56:45,915|DEBUG|p.f.uba|[AWT-EventQueue-0]|this is an DEBUG message
2020-05-26 15:56:45,915|INFO |p.f.uba|[AWT-EventQueue-0]|this is an INFO message
2020-05-26 15:56:45,915|WARN |p.f.uba|[AWT-EventQueue-0]|this is an WARN message
2020-05-26 15:56:45,915|ERROR|p.f.uba|[AWT-EventQueue-0]|this is an ERROR message
2020-05-26 15:56:45,915|FATAL|p.f.uba|[AWT-EventQueue-0]|this is an FATAL message
2020-05-26 15:56:57,896|INFO |p.c.Transactions|[AWT-EventQueue-0]|returning ${JsonOutput.toJson(returnVO)}
2020-05-26 15:57:52,432|INFO |p.f.uba|[main]|UBA MAIN
2020-05-26 15:57:52,530|DEBUG|p.f.uba|[AWT-EventQueue-0]|this is an DEBUG message
2020-05-26 15:57:52,530|INFO |p.f.uba|[AWT-EventQueue-0]|this is an INFO message
2020-05-26 15:57:52,530|WARN |p.f.uba|[AWT-EventQueue-0]|this is an WARN message
2020-05-26 15:57:52,530|ERROR|p.f.uba|[AWT-EventQueue-0]|this is an ERROR message
2020-05-26 15:57:52,530|FATAL|p.f.uba|[AWT-EventQueue-0]|this is an FATAL message
2020-05-26 15:58:11,661|INFO |p.c.Transactions|[AWT-EventQueue-0]|returning ${JsonOutput.toJson(returnVO)}
2020-05-26 16:08:13,768|INFO |p.f.uba|[main]|UBA MAIN
2020-05-26 16:08:13,862|DEBUG|p.f.uba|[AWT-EventQueue-0]|this is an DEBUG message
2020-05-26 16:08:13,862|INFO |p.f.uba|[AWT-EventQueue-0]|this is an INFO message
2020-05-26 16:08:13,862|WARN |p.f.uba|[AWT-EventQueue-0]|this is an WARN message
2020-05-26 16:08:13,863|ERROR|p.f.uba|[AWT-EventQueue-0]|this is an ERROR message
2020-05-26 16:08:13,863|FATAL|p.f.uba|[AWT-EventQueue-0]|this is an FATAL message
2020-05-26 16:08:22,039|INFO |p.c.Transactions|[AWT-EventQueue-0]|returning ${JsonOutput.toJson(returnVO)}
2020-05-26 16:09:57,366|INFO |p.f.uba|[main]|UBA MAIN
2020-05-26 16:09:57,454|DEBUG|p.f.uba|[AWT-EventQueue-0]|this is an DEBUG message
2020-05-26 16:09:57,454|INFO |p.f.uba|[AWT-EventQueue-0]|this is an INFO message
2020-05-26 16:09:57,454|WARN |p.f.uba|[AWT-EventQueue-0]|this is an WARN message
2020-05-26 16:09:57,455|ERROR|p.f.uba|[AWT-EventQueue-0]|this is an ERROR message
2020-05-26 16:09:57,455|FATAL|p.f.uba|[AWT-EventQueue-0]|this is an FATAL message
2020-05-26 16:10:05,965|INFO |p.c.Transactions|[AWT-EventQueue-0]|returning ${JsonOutput.toJson(returnVO)}
2020-05-26 16:10:50,190|INFO |p.f.uba|[main]|UBA MAIN
2020-05-26 16:10:50,282|DEBUG|p.f.uba|[AWT-EventQueue-0]|this is an DEBUG message
2020-05-26 16:10:50,282|INFO |p.f.uba|[AWT-EventQueue-0]|this is an INFO message
2020-05-26 16:10:50,282|WARN |p.f.uba|[AWT-EventQueue-0]|this is an WARN message
2020-05-26 16:10:50,282|ERROR|p.f.uba|[AWT-EventQueue-0]|this is an ERROR message
2020-05-26 16:10:50,282|FATAL|p.f.uba|[AWT-EventQueue-0]|this is an FATAL message
2020-05-26 16:10:58,774|INFO |p.c.Transactions|[AWT-EventQueue-0]|returning ${JsonOutput.toJson(returnVO)}
2020-05-26 19:43:34,602|INFO |p.f.uba|[main]|UBA MAIN
2020-05-26 19:43:34,694|DEBUG|p.f.uba|[AWT-EventQueue-0]|this is an DEBUG message
2020-05-26 19:43:34,694|INFO |p.f.uba|[AWT-EventQueue-0]|this is an INFO message
2020-05-26 19:43:34,694|WARN |p.f.uba|[AWT-EventQueue-0]|this is an WARN message
2020-05-26 19:43:34,694|ERROR|p.f.uba|[AWT-EventQueue-0]|this is an ERROR message
2020-05-26 19:43:34,694|FATAL|p.f.uba|[AWT-EventQueue-0]|this is an FATAL message
2020-05-26 19:47:19,128|INFO |p.f.uba|[main]|UBA MAIN
2020-05-26 19:47:19,217|DEBUG|p.f.uba|[AWT-EventQueue-0]|this is an DEBUG message
2020-05-26 19:47:19,217|INFO |p.f.uba|[AWT-EventQueue-0]|this is an INFO message
2020-05-26 19:47:19,217|WARN |p.f.uba|[AWT-EventQueue-0]|this is an WARN message
2020-05-26 19:47:19,217|ERROR|p.f.uba|[AWT-EventQueue-0]|this is an ERROR message
2020-05-26 19:47:19,217|FATAL|p.f.uba|[AWT-EventQueue-0]|this is an FATAL message
2020-05-26 19:49:15,139|INFO |p.f.uba|[main]|UBA MAIN
2020-05-26 19:49:15,227|DEBUG|p.f.uba|[AWT-EventQueue-0]|this is an DEBUG message
2020-05-26 19:49:15,227|INFO |p.f.uba|[AWT-EventQueue-0]|this is an INFO message
2020-05-26 19:49:15,227|WARN |p.f.uba|[AWT-EventQueue-0]|this is an WARN message
2020-05-26 19:49:15,227|ERROR|p.f.uba|[AWT-EventQueue-0]|this is an ERROR message
2020-05-26 19:49:15,227|FATAL|p.f.uba|[AWT-EventQueue-0]|this is an FATAL message
2020-05-26 19:50:31,311|INFO |p.f.uba|[main]|UBA MAIN
2020-05-26 19:50:31,400|DEBUG|p.f.uba|[AWT-EventQueue-0]|this is an DEBUG message
2020-05-26 19:50:31,400|INFO |p.f.uba|[AWT-EventQueue-0]|this is an INFO message
2020-05-26 19:50:31,400|WARN |p.f.uba|[AWT-EventQueue-0]|this is an WARN message
2020-05-26 19:50:31,400|ERROR|p.f.uba|[AWT-EventQueue-0]|this is an ERROR message
2020-05-26 19:50:31,400|FATAL|p.f.uba|[AWT-EventQueue-0]|this is an FATAL message
2020-05-26 19:59:52,118|INFO |p.f.uba|[main]|UBA MAIN
2020-05-26 19:59:52,207|DEBUG|p.f.uba|[AWT-EventQueue-0]|this is an DEBUG message
2020-05-26 19:59:52,208|INFO |p.f.uba|[AWT-EventQueue-0]|this is an INFO message
2020-05-26 19:59:52,208|WARN |p.f.uba|[AWT-EventQueue-0]|this is an WARN message
2020-05-26 19:59:52,208|ERROR|p.f.uba|[AWT-EventQueue-0]|this is an ERROR message
2020-05-26 19:59:52,208|FATAL|p.f.uba|[AWT-EventQueue-0]|this is an FATAL message
2020-05-26 21:34:09,057|INFO |p.f.uba|[main]|UBA MAIN
2020-05-26 21:34:09,150|DEBUG|p.f.uba|[AWT-EventQueue-0]|this is an DEBUG message
2020-05-26 21:34:09,151|INFO |p.f.uba|[AWT-EventQueue-0]|this is an INFO message
2020-05-26 21:34:09,151|WARN |p.f.uba|[AWT-EventQueue-0]|this is an WARN message
2020-05-26 21:34:09,151|ERROR|p.f.uba|[AWT-EventQueue-0]|this is an ERROR message
2020-05-26 21:34:09,151|FATAL|p.f.uba|[AWT-EventQueue-0]|this is an FATAL message
2020-05-26 21:34:54,648|INFO |p.f.uba|[main]|UBA MAIN
2020-05-26 21:34:54,737|DEBUG|p.f.uba|[AWT-EventQueue-0]|this is an DEBUG message
2020-05-26 21:34:54,737|INFO |p.f.uba|[AWT-EventQueue-0]|this is an INFO message
2020-05-26 21:34:54,737|WARN |p.f.uba|[AWT-EventQueue-0]|this is an WARN message
2020-05-26 21:34:54,737|ERROR|p.f.uba|[AWT-EventQueue-0]|this is an ERROR message
2020-05-26 21:34:54,737|FATAL|p.f.uba|[AWT-EventQueue-0]|this is an FATAL message
2020-05-26 22:02:11,579|INFO |p.f.uba|[main]|UBA MAIN
2020-05-26 22:02:11,676|DEBUG|p.f.uba|[AWT-EventQueue-0]|this is an DEBUG message
2020-05-26 22:02:11,676|INFO |p.f.uba|[AWT-EventQueue-0]|this is an INFO message
2020-05-26 22:02:11,676|WARN |p.f.uba|[AWT-EventQueue-0]|this is an WARN message
2020-05-26 22:02:11,676|ERROR|p.f.uba|[AWT-EventQueue-0]|this is an ERROR message
2020-05-26 22:02:11,676|FATAL|p.f.uba|[AWT-EventQueue-0]|this is an FATAL message
2020-05-26 22:06:09,218|INFO |p.f.uba|[main]|UBA MAIN
2020-05-26 22:06:09,309|DEBUG|p.f.uba|[AWT-EventQueue-0]|this is an DEBUG message
2020-05-26 22:06:09,309|INFO |p.f.uba|[AWT-EventQueue-0]|this is an INFO message
2020-05-26 22:06:09,309|WARN |p.f.uba|[AWT-EventQueue-0]|this is an WARN message
2020-05-26 22:06:09,309|ERROR|p.f.uba|[AWT-EventQueue-0]|this is an ERROR message
2020-05-26 22:06:09,309|FATAL|p.f.uba|[AWT-EventQueue-0]|this is an FATAL message
2020-05-26 22:07:55,792|INFO |p.f.uba|[main]|UBA MAIN
2020-05-26 22:07:55,893|DEBUG|p.f.uba|[AWT-EventQueue-0]|this is an DEBUG message
2020-05-26 22:07:55,893|INFO |p.f.uba|[AWT-EventQueue-0]|this is an INFO message
2020-05-26 22:07:55,893|WARN |p.f.uba|[AWT-EventQueue-0]|this is an WARN message
2020-05-26 22:07:55,893|ERROR|p.f.uba|[AWT-EventQueue-0]|this is an ERROR message
2020-05-26 22:07:55,893|FATAL|p.f.uba|[AWT-EventQueue-0]|this is an FATAL message
2020-05-26 22:09:11,568|INFO |p.f.uba|[main]|UBA MAIN
2020-05-26 22:09:11,664|DEBUG|p.f.uba|[AWT-EventQueue-0]|this is an DEBUG message
2020-05-26 22:09:11,665|INFO |p.f.uba|[AWT-EventQueue-0]|this is an INFO message
2020-05-26 22:09:11,665|WARN |p.f.uba|[AWT-EventQueue-0]|this is an WARN message
2020-05-26 22:09:11,665|ERROR|p.f.uba|[AWT-EventQueue-0]|this is an ERROR message
2020-05-26 22:09:11,665|FATAL|p.f.uba|[AWT-EventQueue-0]|this is an FATAL message
2020-05-26 22:10:34,189|INFO |p.f.uba|[main]|UBA MAIN
2020-05-26 22:10:34,283|DEBUG|p.f.uba|[AWT-EventQueue-0]|this is an DEBUG message
2020-05-26 22:10:34,283|INFO |p.f.uba|[AWT-EventQueue-0]|this is an INFO message
2020-05-26 22:10:34,283|WARN |p.f.uba|[AWT-EventQueue-0]|this is an WARN message
2020-05-26 22:10:34,283|ERROR|p.f.uba|[AWT-EventQueue-0]|this is an ERROR message
2020-05-26 22:10:34,283|FATAL|p.f.uba|[AWT-EventQueue-0]|this is an FATAL message
2020-05-26 22:14:21,225|INFO |p.f.uba|[main]|UBA MAIN
2020-05-26 22:14:21,316|DEBUG|p.f.uba|[AWT-EventQueue-0]|this is an DEBUG message
2020-05-26 22:14:21,317|INFO |p.f.uba|[AWT-EventQueue-0]|this is an INFO message
2020-05-26 22:14:21,317|WARN |p.f.uba|[AWT-EventQueue-0]|this is an WARN message
2020-05-26 22:14:21,317|ERROR|p.f.uba|[AWT-EventQueue-0]|this is an ERROR message
2020-05-26 22:14:21,317|FATAL|p.f.uba|[AWT-EventQueue-0]|this is an FATAL message
2020-05-26 22:18:54,301|INFO |p.f.uba|[main]|UBA MAIN
2020-05-26 22:18:54,394|DEBUG|p.f.uba|[AWT-EventQueue-0]|this is an DEBUG message
2020-05-26 22:18:54,395|INFO |p.f.uba|[AWT-EventQueue-0]|this is an INFO message
2020-05-26 22:18:54,395|WARN |p.f.uba|[AWT-EventQueue-0]|this is an WARN message
2020-05-26 22:18:54,395|ERROR|p.f.uba|[AWT-EventQueue-0]|this is an ERROR message
2020-05-26 22:18:54,395|FATAL|p.f.uba|[AWT-EventQueue-0]|this is an FATAL message
2020-05-26 22:38:45,853|INFO |p.f.uba|[main]|UBA MAIN
2020-05-26 22:38:45,944|DEBUG|p.f.uba|[AWT-EventQueue-0]|this is an DEBUG message
2020-05-26 22:38:45,944|INFO |p.f.uba|[AWT-EventQueue-0]|this is an INFO message
2020-05-26 22:38:45,944|WARN |p.f.uba|[AWT-EventQueue-0]|this is an WARN message
2020-05-26 22:38:45,944|ERROR|p.f.uba|[AWT-EventQueue-0]|this is an ERROR message
2020-05-26 22:38:45,944|FATAL|p.f.uba|[AWT-EventQueue-0]|this is an FATAL message
2020-05-26 22:40:40,690|INFO |p.f.uba|[main]|UBA MAIN
2020-05-26 22:40:40,779|DEBUG|p.f.uba|[AWT-EventQueue-0]|this is an DEBUG message
2020-05-26 22:40:40,779|INFO |p.f.uba|[AWT-EventQueue-0]|this is an INFO message
2020-05-26 22:40:40,780|WARN |p.f.uba|[AWT-EventQueue-0]|this is an WARN message
2020-05-26 22:40:40,780|ERROR|p.f.uba|[AWT-EventQueue-0]|this is an ERROR message
2020-05-26 22:40:40,780|FATAL|p.f.uba|[AWT-EventQueue-0]|this is an FATAL message
2020-05-26 22:45:27,680|INFO |p.f.uba|[main]|UBA MAIN
2020-05-26 22:45:27,771|DEBUG|p.f.uba|[AWT-EventQueue-0]|this is an DEBUG message
2020-05-26 22:45:27,771|INFO |p.f.uba|[AWT-EventQueue-0]|this is an INFO message
2020-05-26 22:45:27,772|WARN |p.f.uba|[AWT-EventQueue-0]|this is an WARN message
2020-05-26 22:45:27,772|ERROR|p.f.uba|[AWT-EventQueue-0]|this is an ERROR message
2020-05-26 22:45:27,772|FATAL|p.f.uba|[AWT-EventQueue-0]|this is an FATAL message
2020-05-26 22:48:12,352|INFO |p.f.uba|[main]|UBA MAIN
2020-05-26 22:48:12,445|DEBUG|p.f.uba|[AWT-EventQueue-0]|this is an DEBUG message
2020-05-26 22:48:12,445|INFO |p.f.uba|[AWT-EventQueue-0]|this is an INFO message
2020-05-26 22:48:12,446|WARN |p.f.uba|[AWT-EventQueue-0]|this is an WARN message
2020-05-26 22:48:12,446|ERROR|p.f.uba|[AWT-EventQueue-0]|this is an ERROR message
2020-05-26 22:48:12,446|FATAL|p.f.uba|[AWT-EventQueue-0]|this is an FATAL message
2020-05-26 22:48:37,627|INFO |p.f.uba|[main]|UBA MAIN
2020-05-26 22:48:37,719|DEBUG|p.f.uba|[AWT-EventQueue-0]|this is an DEBUG message
2020-05-26 22:48:37,719|INFO |p.f.uba|[AWT-EventQueue-0]|this is an INFO message
2020-05-26 22:48:37,719|WARN |p.f.uba|[AWT-EventQueue-0]|this is an WARN message
2020-05-26 22:48:37,719|ERROR|p.f.uba|[AWT-EventQueue-0]|this is an ERROR message
2020-05-26 22:48:37,719|FATAL|p.f.uba|[AWT-EventQueue-0]|this is an FATAL message
2020-05-26 22:50:46,201|INFO |p.f.uba|[main]|UBA MAIN
2020-05-26 22:50:46,294|DEBUG|p.f.uba|[AWT-EventQueue-0]|this is an DEBUG message
2020-05-26 22:50:46,294|INFO |p.f.uba|[AWT-EventQueue-0]|this is an INFO message
2020-05-26 22:50:46,294|WARN |p.f.uba|[AWT-EventQueue-0]|this is an WARN message
2020-05-26 22:50:46,294|ERROR|p.f.uba|[AWT-EventQueue-0]|this is an ERROR message
2020-05-26 22:50:46,295|FATAL|p.f.uba|[AWT-EventQueue-0]|this is an FATAL message
2020-05-26 22:51:31,429|INFO |p.f.uba|[main]|UBA MAIN
2020-05-26 22:51:31,524|DEBUG|p.f.uba|[AWT-EventQueue-0]|this is an DEBUG message
2020-05-26 22:51:31,524|INFO |p.f.uba|[AWT-EventQueue-0]|this is an INFO message
2020-05-26 22:51:31,524|WARN |p.f.uba|[AWT-EventQueue-0]|this is an WARN message
2020-05-26 22:51:31,524|ERROR|p.f.uba|[AWT-EventQueue-0]|this is an ERROR message
2020-05-26 22:51:31,524|FATAL|p.f.uba|[AWT-EventQueue-0]|this is an FATAL message
2020-05-26 23:14:42,222|INFO |p.f.uba|[main]|UBA MAIN
2020-05-26 23:14:42,313|DEBUG|p.f.uba|[AWT-EventQueue-0]|this is an DEBUG message
2020-05-26 23:14:42,313|INFO |p.f.uba|[AWT-EventQueue-0]|this is an INFO message
2020-05-26 23:14:42,313|WARN |p.f.uba|[AWT-EventQueue-0]|this is an WARN message
2020-05-26 23:14:42,314|ERROR|p.f.uba|[AWT-EventQueue-0]|this is an ERROR message
2020-05-26 23:14:42,314|FATAL|p.f.uba|[AWT-EventQueue-0]|this is an FATAL message
2020-05-27 11:20:04,405|INFO |p.f.uba|[main]|UBA MAIN
2020-05-27 11:20:04,509|DEBUG|p.f.uba|[AWT-EventQueue-0]|this is an DEBUG message
2020-05-27 11:20:04,509|INFO |p.f.uba|[AWT-EventQueue-0]|this is an INFO message
2020-05-27 11:20:04,509|WARN |p.f.uba|[AWT-EventQueue-0]|this is an WARN message
2020-05-27 11:20:04,510|ERROR|p.f.uba|[AWT-EventQueue-0]|this is an ERROR message
2020-05-27 11:20:04,510|FATAL|p.f.uba|[AWT-EventQueue-0]|this is an FATAL message
2020-05-27 11:20:30,387|INFO |p.f.uba|[main]|UBA MAIN
2020-05-27 11:20:30,477|DEBUG|p.f.uba|[AWT-EventQueue-0]|this is an DEBUG message
2020-05-27 11:20:30,478|INFO |p.f.uba|[AWT-EventQueue-0]|this is an INFO message
2020-05-27 11:20:30,478|WARN |p.f.uba|[AWT-EventQueue-0]|this is an WARN message
2020-05-27 11:20:30,478|ERROR|p.f.uba|[AWT-EventQueue-0]|this is an ERROR message
2020-05-27 11:20:30,478|FATAL|p.f.uba|[AWT-EventQueue-0]|this is an FATAL message
2020-05-27 11:20:46,817|INFO |p.f.uba|[main]|UBA MAIN
2020-05-27 11:20:46,912|DEBUG|p.f.uba|[AWT-EventQueue-0]|this is an DEBUG message
2020-05-27 11:20:46,912|INFO |p.f.uba|[AWT-EventQueue-0]|this is an INFO message
2020-05-27 11:20:46,912|WARN |p.f.uba|[AWT-EventQueue-0]|this is an WARN message
2020-05-27 11:20:46,912|ERROR|p.f.uba|[AWT-EventQueue-0]|this is an ERROR message
2020-05-27 11:20:46,912|FATAL|p.f.uba|[AWT-EventQueue-0]|this is an FATAL message
2020-05-27 11:35:19,541|INFO |p.f.uba|[main]|UBA MAIN
2020-05-27 11:35:19,632|DEBUG|p.f.uba|[AWT-EventQueue-0]|this is an DEBUG message
2020-05-27 11:35:19,632|INFO |p.f.uba|[AWT-EventQueue-0]|this is an INFO message
2020-05-27 11:35:19,632|WARN |p.f.uba|[AWT-EventQueue-0]|this is an WARN message
2020-05-27 11:35:19,632|ERROR|p.f.uba|[AWT-EventQueue-0]|this is an ERROR message
2020-05-27 11:35:19,632|FATAL|p.f.uba|[AWT-EventQueue-0]|this is an FATAL message
2020-05-27 11:39:02,311|INFO |p.f.uba|[main]|UBA MAIN
2020-05-27 11:39:02,405|DEBUG|p.f.uba|[AWT-EventQueue-0]|this is an DEBUG message
2020-05-27 11:39:02,405|INFO |p.f.uba|[AWT-EventQueue-0]|this is an INFO message
2020-05-27 11:39:02,405|WARN |p.f.uba|[AWT-EventQueue-0]|this is an WARN message
2020-05-27 11:39:02,405|ERROR|p.f.uba|[AWT-EventQueue-0]|this is an ERROR message
2020-05-27 11:39:02,405|FATAL|p.f.uba|[AWT-EventQueue-0]|this is an FATAL message
2020-05-27 11:39:53,680|INFO |p.f.uba|[main]|UBA MAIN
2020-05-27 11:39:53,771|DEBUG|p.f.uba|[AWT-EventQueue-0]|this is an DEBUG message
2020-05-27 11:39:53,771|INFO |p.f.uba|[AWT-EventQueue-0]|this is an INFO message
2020-05-27 11:39:53,771|WARN |p.f.uba|[AWT-EventQueue-0]|this is an WARN message
2020-05-27 11:39:53,771|ERROR|p.f.uba|[AWT-EventQueue-0]|this is an ERROR message
2020-05-27 11:39:53,771|FATAL|p.f.uba|[AWT-EventQueue-0]|this is an FATAL message
2020-05-27 11:40:07,345|INFO |p.c.Transactions|[AWT-EventQueue-0]|returning ${JsonOutput.toJson(returnVO)}
2020-05-27 11:47:20,509|INFO |p.f.uba|[main]|UBA MAIN
2020-05-27 11:47:20,600|DEBUG|p.f.uba|[AWT-EventQueue-0]|this is an DEBUG message
2020-05-27 11:47:20,600|INFO |p.f.uba|[AWT-EventQueue-0]|this is an INFO message
2020-05-27 11:47:20,600|WARN |p.f.uba|[AWT-EventQueue-0]|this is an WARN message
2020-05-27 11:47:20,600|ERROR|p.f.uba|[AWT-EventQueue-0]|this is an ERROR message
2020-05-27 11:47:20,600|FATAL|p.f.uba|[AWT-EventQueue-0]|this is an FATAL message
2020-05-27 11:59:27,234|INFO |p.f.uba|[main]|UBA MAIN
2020-05-27 11:59:27,325|DEBUG|p.f.uba|[AWT-EventQueue-0]|this is an DEBUG message
2020-05-27 11:59:27,325|INFO |p.f.uba|[AWT-EventQueue-0]|this is an INFO message
2020-05-27 11:59:27,325|WARN |p.f.uba|[AWT-EventQueue-0]|this is an WARN message
2020-05-27 11:59:27,326|ERROR|p.f.uba|[AWT-EventQueue-0]|this is an ERROR message
2020-05-27 11:59:27,326|FATAL|p.f.uba|[AWT-EventQueue-0]|this is an FATAL message
2020-05-27 12:00:10,102|INFO |p.f.uba|[main]|UBA MAIN
2020-05-27 12:00:10,195|DEBUG|p.f.uba|[AWT-EventQueue-0]|this is an DEBUG message
2020-05-27 12:00:10,195|INFO |p.f.uba|[AWT-EventQueue-0]|this is an INFO message
2020-05-27 12:00:10,195|WARN |p.f.uba|[AWT-EventQueue-0]|this is an WARN message
2020-05-27 12:00:10,195|ERROR|p.f.uba|[AWT-EventQueue-0]|this is an ERROR message
2020-05-27 12:00:10,196|FATAL|p.f.uba|[AWT-EventQueue-0]|this is an FATAL message
2020-05-27 12:03:26,333|INFO |p.f.uba|[main]|UBA MAIN
2020-05-27 12:03:26,429|DEBUG|p.f.uba|[AWT-EventQueue-0]|this is an DEBUG message
2020-05-27 12:03:26,429|INFO |p.f.uba|[AWT-EventQueue-0]|this is an INFO message
2020-05-27 12:03:26,429|WARN |p.f.uba|[AWT-EventQueue-0]|this is an WARN message
2020-05-27 12:03:26,429|ERROR|p.f.uba|[AWT-EventQueue-0]|this is an ERROR message
2020-05-27 12:03:26,429|FATAL|p.f.uba|[AWT-EventQueue-0]|this is an FATAL message
2020-05-27 12:07:14,015|INFO |p.f.uba|[main]|UBA MAIN
2020-05-27 12:07:14,111|DEBUG|p.f.uba|[AWT-EventQueue-0]|this is an DEBUG message
2020-05-27 12:07:14,111|INFO |p.f.uba|[AWT-EventQueue-0]|this is an INFO message
2020-05-27 12:07:14,111|WARN |p.f.uba|[AWT-EventQueue-0]|this is an WARN message
2020-05-27 12:07:14,111|ERROR|p.f.uba|[AWT-EventQueue-0]|this is an ERROR message
2020-05-27 12:07:14,112|FATAL|p.f.uba|[AWT-EventQueue-0]|this is an FATAL message
2020-05-27 12:12:59,704|INFO |p.f.uba|[main]|UBA MAIN
2020-05-27 12:12:59,798|DEBUG|p.f.uba|[AWT-EventQueue-0]|this is an DEBUG message
2020-05-27 12:12:59,798|INFO |p.f.uba|[AWT-EventQueue-0]|this is an INFO message
2020-05-27 12:12:59,798|WARN |p.f.uba|[AWT-EventQueue-0]|this is an WARN message
2020-05-27 12:12:59,798|ERROR|p.f.uba|[AWT-EventQueue-0]|this is an ERROR message
2020-05-27 12:12:59,798|FATAL|p.f.uba|[AWT-EventQueue-0]|this is an FATAL message
2020-05-27 12:13:59,138|INFO |p.f.uba|[main]|UBA MAIN
2020-05-27 12:13:59,228|DEBUG|p.f.uba|[AWT-EventQueue-0]|this is an DEBUG message
2020-05-27 12:13:59,228|INFO |p.f.uba|[AWT-EventQueue-0]|this is an INFO message
2020-05-27 12:13:59,228|WARN |p.f.uba|[AWT-EventQueue-0]|this is an WARN message
2020-05-27 12:13:59,229|ERROR|p.f.uba|[AWT-EventQueue-0]|this is an ERROR message
2020-05-27 12:13:59,229|FATAL|p.f.uba|[AWT-EventQueue-0]|this is an FATAL message
2020-05-27 12:20:13,592|INFO |p.f.uba|[main]|UBA MAIN
2020-05-27 12:20:13,688|DEBUG|p.f.uba|[AWT-EventQueue-0]|this is an DEBUG message
2020-05-27 12:20:13,689|INFO |p.f.uba|[AWT-EventQueue-0]|this is an INFO message
2020-05-27 12:20:13,689|WARN |p.f.uba|[AWT-EventQueue-0]|this is an WARN message
2020-05-27 12:20:13,689|ERROR|p.f.uba|[AWT-EventQueue-0]|this is an ERROR message
2020-05-27 12:20:13,689|FATAL|p.f.uba|[AWT-EventQueue-0]|this is an FATAL message
2020-05-27 12:24:00,228|INFO |p.f.uba|[main]|UBA MAIN
2020-05-27 12:24:00,320|DEBUG|p.f.uba|[AWT-EventQueue-0]|this is an DEBUG message
2020-05-27 12:24:00,321|INFO |p.f.uba|[AWT-EventQueue-0]|this is an INFO message
2020-05-27 12:24:00,321|WARN |p.f.uba|[AWT-EventQueue-0]|this is an WARN message
2020-05-27 12:24:00,321|ERROR|p.f.uba|[AWT-EventQueue-0]|this is an ERROR message
2020-05-27 12:24:00,321|FATAL|p.f.uba|[AWT-EventQueue-0]|this is an FATAL message
2020-05-27 12:24:14,154|INFO |p.c.Transactions|[AWT-EventQueue-0]|returning ${JsonOutput.toJson(returnVO)}
2020-05-27 12:34:44,275|INFO |p.f.uba|[main]|UBA MAIN
2020-05-27 12:34:44,370|DEBUG|p.f.uba|[AWT-EventQueue-0]|this is an DEBUG message
2020-05-27 12:34:44,370|INFO |p.f.uba|[AWT-EventQueue-0]|this is an INFO message
2020-05-27 12:34:44,370|WARN |p.f.uba|[AWT-EventQueue-0]|this is an WARN message
2020-05-27 12:34:44,370|ERROR|p.f.uba|[AWT-EventQueue-0]|this is an ERROR message
2020-05-27 12:34:44,370|FATAL|p.f.uba|[AWT-EventQueue-0]|this is an FATAL message
2020-05-27 12:35:02,791|INFO |p.f.uba|[main]|UBA MAIN
2020-05-27 12:35:02,886|DEBUG|p.f.uba|[AWT-EventQueue-0]|this is an DEBUG message
2020-05-27 12:35:02,886|INFO |p.f.uba|[AWT-EventQueue-0]|this is an INFO message
2020-05-27 12:35:02,886|WARN |p.f.uba|[AWT-EventQueue-0]|this is an WARN message
2020-05-27 12:35:02,886|ERROR|p.f.uba|[AWT-EventQueue-0]|this is an ERROR message
2020-05-27 12:35:02,886|FATAL|p.f.uba|[AWT-EventQueue-0]|this is an FATAL message
2020-05-27 12:35:12,744|INFO |p.f.uba|[main]|UBA MAIN
2020-05-27 12:35:12,838|DEBUG|p.f.uba|[AWT-EventQueue-0]|this is an DEBUG message
2020-05-27 12:35:12,838|INFO |p.f.uba|[AWT-EventQueue-0]|this is an INFO message
2020-05-27 12:35:12,838|WARN |p.f.uba|[AWT-EventQueue-0]|this is an WARN message
2020-05-27 12:35:12,838|ERROR|p.f.uba|[AWT-EventQueue-0]|this is an ERROR message
2020-05-27 12:35:12,838|FATAL|p.f.uba|[AWT-EventQueue-0]|this is an FATAL message
2020-05-27 12:35:21,116|INFO |p.f.uba|[main]|UBA MAIN
2020-05-27 12:35:21,207|DEBUG|p.f.uba|[AWT-EventQueue-0]|this is an DEBUG message
2020-05-27 12:35:21,207|INFO |p.f.uba|[AWT-EventQueue-0]|this is an INFO message
2020-05-27 12:35:21,207|WARN |p.f.uba|[AWT-EventQueue-0]|this is an WARN message
2020-05-27 12:35:21,207|ERROR|p.f.uba|[AWT-EventQueue-0]|this is an ERROR message
2020-05-27 12:35:21,207|FATAL|p.f.uba|[AWT-EventQueue-0]|this is an FATAL message
2020-05-27 12:36:56,533|INFO |p.f.uba|[main]|UBA MAIN
2020-05-27 12:36:56,630|DEBUG|p.f.uba|[AWT-EventQueue-0]|this is an DEBUG message
2020-05-27 12:36:56,631|INFO |p.f.uba|[AWT-EventQueue-0]|this is an INFO message
2020-05-27 12:36:56,631|WARN |p.f.uba|[AWT-EventQueue-0]|this is an WARN message
2020-05-27 12:36:56,631|ERROR|p.f.uba|[AWT-EventQueue-0]|this is an ERROR message
2020-05-27 12:36:56,631|FATAL|p.f.uba|[AWT-EventQueue-0]|this is an FATAL message
2020-05-27 12:41:22,356|INFO |p.f.uba|[main]|UBA MAIN
2020-05-27 12:41:22,446|DEBUG|p.f.uba|[AWT-EventQueue-0]|this is an DEBUG message
2020-05-27 12:41:22,446|INFO |p.f.uba|[AWT-EventQueue-0]|this is an INFO message
2020-05-27 12:41:22,446|WARN |p.f.uba|[AWT-EventQueue-0]|this is an WARN message
2020-05-27 12:41:22,446|ERROR|p.f.uba|[AWT-EventQueue-0]|this is an ERROR message
2020-05-27 12:41:22,446|FATAL|p.f.uba|[AWT-EventQueue-0]|this is an FATAL message
2020-05-27 13:23:41,481|INFO |p.f.uba|[main]|UBA MAIN
2020-05-27 13:23:41,574|DEBUG|p.f.uba|[AWT-EventQueue-0]|this is an DEBUG message
2020-05-27 13:23:41,574|INFO |p.f.uba|[AWT-EventQueue-0]|this is an INFO message
2020-05-27 13:23:41,574|WARN |p.f.uba|[AWT-EventQueue-0]|this is an WARN message
2020-05-27 13:23:41,574|ERROR|p.f.uba|[AWT-EventQueue-0]|this is an ERROR message
2020-05-27 13:23:41,575|FATAL|p.f.uba|[AWT-EventQueue-0]|this is an FATAL message
2020-05-27 13:24:45,455|INFO |p.f.uba|[main]|UBA MAIN
2020-05-27 13:24:45,548|DEBUG|p.f.uba|[AWT-EventQueue-0]|this is an DEBUG message
2020-05-27 13:24:45,549|INFO |p.f.uba|[AWT-EventQueue-0]|this is an INFO message
2020-05-27 13:24:45,549|WARN |p.f.uba|[AWT-EventQueue-0]|this is an WARN message
2020-05-27 13:24:45,549|ERROR|p.f.uba|[AWT-EventQueue-0]|this is an ERROR message
2020-05-27 13:24:45,549|FATAL|p.f.uba|[AWT-EventQueue-0]|this is an FATAL message
2020-05-27 13:25:46,999|INFO |p.f.uba|[main]|UBA MAIN
2020-05-27 13:25:47,092|DEBUG|p.f.uba|[AWT-EventQueue-0]|this is an DEBUG message
2020-05-27 13:25:47,093|INFO |p.f.uba|[AWT-EventQueue-0]|this is an INFO message
2020-05-27 13:25:47,093|WARN |p.f.uba|[AWT-EventQueue-0]|this is an WARN message
2020-05-27 13:25:47,093|ERROR|p.f.uba|[AWT-EventQueue-0]|this is an ERROR message
2020-05-27 13:25:47,093|FATAL|p.f.uba|[AWT-EventQueue-0]|this is an FATAL message
2020-05-27 13:26:43,322|INFO |p.f.uba|[main]|UBA MAIN
2020-05-27 13:26:43,414|DEBUG|p.f.uba|[AWT-EventQueue-0]|this is an DEBUG message
2020-05-27 13:26:43,414|INFO |p.f.uba|[AWT-EventQueue-0]|this is an INFO message
2020-05-27 13:26:43,415|WARN |p.f.uba|[AWT-EventQueue-0]|this is an WARN message
2020-05-27 13:26:43,415|ERROR|p.f.uba|[AWT-EventQueue-0]|this is an ERROR message
2020-05-27 13:26:43,415|FATAL|p.f.uba|[AWT-EventQueue-0]|this is an FATAL message
2020-05-27 13:29:19,959|INFO |p.f.uba|[main]|UBA MAIN
2020-05-27 13:29:20,052|DEBUG|p.f.uba|[AWT-EventQueue-0]|this is an DEBUG message
2020-05-27 13:29:20,052|INFO |p.f.uba|[AWT-EventQueue-0]|this is an INFO message
2020-05-27 13:29:20,052|WARN |p.f.uba|[AWT-EventQueue-0]|this is an WARN message
2020-05-27 13:29:20,052|ERROR|p.f.uba|[AWT-EventQueue-0]|this is an ERROR message
2020-05-27 13:29:20,052|FATAL|p.f.uba|[AWT-EventQueue-0]|this is an FATAL message
2020-05-27 13:29:33,911|INFO |p.c.Transactions|[AWT-EventQueue-0]|returning ${JsonOutput.toJson(returnVO)}
2020-05-27 13:30:32,423|INFO |p.f.uba|[main]|UBA MAIN
2020-05-27 13:30:32,515|DEBUG|p.f.uba|[AWT-EventQueue-0]|this is an DEBUG message
2020-05-27 13:30:32,516|INFO |p.f.uba|[AWT-EventQueue-0]|this is an INFO message
2020-05-27 13:30:32,516|WARN |p.f.uba|[AWT-EventQueue-0]|this is an WARN message
2020-05-27 13:30:32,516|ERROR|p.f.uba|[AWT-EventQueue-0]|this is an ERROR message
2020-05-27 13:30:32,516|FATAL|p.f.uba|[AWT-EventQueue-0]|this is an FATAL message
2020-05-27 13:30:47,375|INFO |p.c.Transactions|[AWT-EventQueue-0]|returning ${JsonOutput.toJson(returnVO)}
2020-05-27 13:32:02,402|INFO |p.f.uba|[main]|UBA MAIN
2020-05-27 13:32:02,494|DEBUG|p.f.uba|[AWT-EventQueue-0]|this is an DEBUG message
2020-05-27 13:32:02,494|INFO |p.f.uba|[AWT-EventQueue-0]|this is an INFO message
2020-05-27 13:32:02,494|WARN |p.f.uba|[AWT-EventQueue-0]|this is an WARN message
2020-05-27 13:32:02,494|ERROR|p.f.uba|[AWT-EventQueue-0]|this is an ERROR message
2020-05-27 13:32:02,494|FATAL|p.f.uba|[AWT-EventQueue-0]|this is an FATAL message
2020-05-27 13:32:15,953|INFO |p.c.Transactions|[AWT-EventQueue-0]|returning ${JsonOutput.toJson(returnVO)}
2020-05-27 13:33:46,424|INFO |p.f.uba|[main]|UBA MAIN
2020-05-27 13:33:46,515|DEBUG|p.f.uba|[AWT-EventQueue-0]|this is an DEBUG message
2020-05-27 13:33:46,515|INFO |p.f.uba|[AWT-EventQueue-0]|this is an INFO message
2020-05-27 13:33:46,515|WARN |p.f.uba|[AWT-EventQueue-0]|this is an WARN message
2020-05-27 13:33:46,515|ERROR|p.f.uba|[AWT-EventQueue-0]|this is an ERROR message
2020-05-27 13:33:46,515|FATAL|p.f.uba|[AWT-EventQueue-0]|this is an FATAL message
2020-05-27 13:33:59,622|INFO |p.c.Transactions|[AWT-EventQueue-0]|returning ${JsonOutput.toJson(returnVO)}
2020-05-27 13:34:47,129|INFO |p.f.uba|[main]|UBA MAIN
2020-05-27 13:34:47,221|DEBUG|p.f.uba|[AWT-EventQueue-0]|this is an DEBUG message
2020-05-27 13:34:47,222|INFO |p.f.uba|[AWT-EventQueue-0]|this is an INFO message
2020-05-27 13:34:47,222|WARN |p.f.uba|[AWT-EventQueue-0]|this is an WARN message
2020-05-27 13:34:47,222|ERROR|p.f.uba|[AWT-EventQueue-0]|this is an ERROR message
2020-05-27 13:34:47,222|FATAL|p.f.uba|[AWT-EventQueue-0]|this is an FATAL message
2020-05-27 13:35:05,141|INFO |p.c.Transactions|[AWT-EventQueue-0]|returning ${JsonOutput.toJson(returnVO)}
2020-05-27 13:36:07,991|INFO |p.f.uba|[main]|UBA MAIN
2020-05-27 13:36:08,085|DEBUG|p.f.uba|[AWT-EventQueue-0]|this is an DEBUG message
2020-05-27 13:36:08,086|INFO |p.f.uba|[AWT-EventQueue-0]|this is an INFO message
2020-05-27 13:36:08,086|WARN |p.f.uba|[AWT-EventQueue-0]|this is an WARN message
2020-05-27 13:36:08,086|ERROR|p.f.uba|[AWT-EventQueue-0]|this is an ERROR message
2020-05-27 13:36:08,086|FATAL|p.f.uba|[AWT-EventQueue-0]|this is an FATAL message
2020-05-27 13:36:23,445|INFO |p.c.Transactions|[AWT-EventQueue-0]|returning ${JsonOutput.toJson(returnVO)}
2020-05-27 13:38:51,134|INFO |p.f.uba|[main]|UBA MAIN
2020-05-27 13:38:51,226|DEBUG|p.f.uba|[AWT-EventQueue-0]|this is an DEBUG message
2020-05-27 13:38:51,226|INFO |p.f.uba|[AWT-EventQueue-0]|this is an INFO message
2020-05-27 13:38:51,227|WARN |p.f.uba|[AWT-EventQueue-0]|this is an WARN message
2020-05-27 13:38:51,227|ERROR|p.f.uba|[AWT-EventQueue-0]|this is an ERROR message
2020-05-27 13:38:51,227|FATAL|p.f.uba|[AWT-EventQueue-0]|this is an FATAL message
2020-05-27 13:39:11,161|INFO |p.c.Transactions|[AWT-EventQueue-0]|returning ${JsonOutput.toJson(returnVO)}
2020-05-27 13:42:30,941|INFO |p.f.uba|[main]|UBA MAIN
2020-05-27 13:42:31,031|DEBUG|p.f.uba|[AWT-EventQueue-0]|this is an DEBUG message
2020-05-27 13:42:31,031|INFO |p.f.uba|[AWT-EventQueue-0]|this is an INFO message
2020-05-27 13:42:31,031|WARN |p.f.uba|[AWT-EventQueue-0]|this is an WARN message
2020-05-27 13:42:31,031|ERROR|p.f.uba|[AWT-EventQueue-0]|this is an ERROR message
2020-05-27 13:42:31,031|FATAL|p.f.uba|[AWT-EventQueue-0]|this is an FATAL message
2020-05-27 13:42:44,679|INFO |p.c.Transactions|[AWT-EventQueue-0]|returning ${JsonOutput.toJson(returnVO)}
2020-05-27 13:43:17,194|INFO |p.c.Transactions|[AWT-EventQueue-0]|returning ${JsonOutput.toJson(returnVO)}
2020-05-27 13:43:37,654|INFO |p.c.Transactions|[AWT-EventQueue-0]|returning ${JsonOutput.toJson(returnVO)}
2020-05-27 13:43:49,884|INFO |p.c.Transactions|[AWT-EventQueue-0]|returning ${JsonOutput.toJson(returnVO)}
2020-05-27 13:45:31,963|INFO |p.f.uba|[main]|UBA MAIN
2020-05-27 13:45:32,058|DEBUG|p.f.uba|[AWT-EventQueue-0]|this is an DEBUG message
2020-05-27 13:45:32,058|INFO |p.f.uba|[AWT-EventQueue-0]|this is an INFO message
2020-05-27 13:45:32,058|WARN |p.f.uba|[AWT-EventQueue-0]|this is an WARN message
2020-05-27 13:45:32,058|ERROR|p.f.uba|[AWT-EventQueue-0]|this is an ERROR message
2020-05-27 13:45:32,058|FATAL|p.f.uba|[AWT-EventQueue-0]|this is an FATAL message
2020-05-27 13:45:46,357|INFO |p.c.Transactions|[AWT-EventQueue-0]|returning ${JsonOutput.toJson(returnVO)}
2020-05-27 13:46:36,131|INFO |p.f.uba|[main]|UBA MAIN
2020-05-27 13:46:36,221|DEBUG|p.f.uba|[AWT-EventQueue-0]|this is an DEBUG message
2020-05-27 13:46:36,221|INFO |p.f.uba|[AWT-EventQueue-0]|this is an INFO message
2020-05-27 13:46:36,221|WARN |p.f.uba|[AWT-EventQueue-0]|this is an WARN message
2020-05-27 13:46:36,221|ERROR|p.f.uba|[AWT-EventQueue-0]|this is an ERROR message
2020-05-27 13:46:36,221|FATAL|p.f.uba|[AWT-EventQueue-0]|this is an FATAL message
2020-05-27 13:46:56,439|INFO |p.c.Transactions|[AWT-EventQueue-0]|returning ${JsonOutput.toJson(returnVO)}
2020-05-27 13:47:06,090|INFO |p.c.Transactions|[AWT-EventQueue-0]|returning ${JsonOutput.toJson(returnVO)}
2020-05-27 13:48:17,879|INFO |p.f.uba|[main]|UBA MAIN
2020-05-27 13:48:17,973|DEBUG|p.f.uba|[AWT-EventQueue-0]|this is an DEBUG message
2020-05-27 13:48:17,974|INFO |p.f.uba|[AWT-EventQueue-0]|this is an INFO message
2020-05-27 13:48:17,974|WARN |p.f.uba|[AWT-EventQueue-0]|this is an WARN message
2020-05-27 13:48:17,974|ERROR|p.f.uba|[AWT-EventQueue-0]|this is an ERROR message
2020-05-27 13:48:17,974|FATAL|p.f.uba|[AWT-EventQueue-0]|this is an FATAL message
2020-05-27 13:48:34,272|INFO |p.c.Transactions|[AWT-EventQueue-0]|returning ${JsonOutput.toJson(returnVO)}
2020-05-27 14:08:08,804|INFO |p.f.uba|[main]|UBA MAIN
2020-05-27 14:08:08,903|DEBUG|p.f.uba|[AWT-EventQueue-0]|this is an DEBUG message
2020-05-27 14:08:08,903|INFO |p.f.uba|[AWT-EventQueue-0]|this is an INFO message
2020-05-27 14:08:08,903|WARN |p.f.uba|[AWT-EventQueue-0]|this is an WARN message
2020-05-27 14:08:08,904|ERROR|p.f.uba|[AWT-EventQueue-0]|this is an ERROR message
2020-05-27 14:08:08,904|FATAL|p.f.uba|[AWT-EventQueue-0]|this is an FATAL message
2020-05-27 14:08:43,051|INFO |p.f.uba|[main]|UBA MAIN
2020-05-27 14:08:43,147|DEBUG|p.f.uba|[AWT-EventQueue-0]|this is an DEBUG message
2020-05-27 14:08:43,147|INFO |p.f.uba|[AWT-EventQueue-0]|this is an INFO message
2020-05-27 14:08:43,147|WARN |p.f.uba|[AWT-EventQueue-0]|this is an WARN message
2020-05-27 14:08:43,147|ERROR|p.f.uba|[AWT-EventQueue-0]|this is an ERROR message
2020-05-27 14:08:43,148|FATAL|p.f.uba|[AWT-EventQueue-0]|this is an FATAL message
2020-05-27 19:15:42,380|INFO |p.f.uba|[main]|UBA MAIN
2020-05-27 19:15:42,442|DEBUG|p.f.uba|[AWT-EventQueue-0]|this is an DEBUG message
2020-05-27 19:15:42,442|INFO |p.f.uba|[AWT-EventQueue-0]|this is an INFO message
2020-05-27 19:15:42,442|WARN |p.f.uba|[AWT-EventQueue-0]|this is an WARN message
2020-05-27 19:15:42,442|ERROR|p.f.uba|[AWT-EventQueue-0]|this is an ERROR message
2020-05-27 19:15:42,442|FATAL|p.f.uba|[AWT-EventQueue-0]|this is an FATAL message
2020-05-27 19:16:08,914|INFO |p.c.Transactions|[AWT-EventQueue-0]|returning ${JsonOutput.toJson(returnVO)}
2020-05-27 19:29:30,892|INFO |p.f.uba|[main]|UBA MAIN
2020-05-27 19:30:06,742|INFO |p.c.Transactions|[AWT-EventQueue-0]|returning ${JsonOutput.toJson(returnVO)}
